CRITICAL - 2022-04-02 09:47:59 --> Undefined index: idAdherent
#0 C:\wamp64\www\tontine\app\Models\AdherentModel.php(45): CodeIgniter\Debug\Exceptions->errorHandler(8, 'Undefined index...', 'C:\\wamp64\\www\\t...', 45, Array)
#1 C:\wamp64\www\tontine\app\Controllers\Administrateur.php(15): App\Models\AdherentModel->participants()
#2 C:\wamp64\www\tontine\system\CodeIgniter.php(825): App\Controllers\Administrateur->index()
#3 C:\wamp64\www\tontine\system\CodeIgniter.php(412): CodeIgniter\CodeIgniter->runController(Object(App\Controllers\Administrateur))
#4 C:\wamp64\www\tontine\system\CodeIgniter.php(320): CodeIgniter\CodeIgniter->handleRequest(NULL, Object(Config\Cache), false)
#5 C:\wamp64\www\tontine\public\index.php(37): CodeIgniter\CodeIgniter->run()
#6 {main}
CRITICAL - 2022-04-02 09:51:27 --> Undefined index: idAdherent
#0 C:\wamp64\www\tontine\app\Models\AdherentModel.php(44): CodeIgniter\Debug\Exceptions->errorHandler(8, 'Undefined index...', 'C:\\wamp64\\www\\t...', 44, Array)
#1 C:\wamp64\www\tontine\app\Controllers\Administrateur.php(15): App\Models\AdherentModel->participants()
#2 C:\wamp64\www\tontine\system\CodeIgniter.php(825): App\Controllers\Administrateur->index()
#3 C:\wamp64\www\tontine\system\CodeIgniter.php(412): CodeIgniter\CodeIgniter->runController(Object(App\Controllers\Administrateur))
#4 C:\wamp64\www\tontine\system\CodeIgniter.php(320): CodeIgniter\CodeIgniter->handleRequest(NULL, Object(Config\Cache), false)
#5 C:\wamp64\www\tontine\public\index.php(37): CodeIgniter\CodeIgniter->run()
#6 {main}
CRITICAL - 2022-04-02 09:52:25 --> Array to string conversion
#0 [internal function]: CodeIgniter\Debug\Exceptions->errorHandler(8, 'Array to string...', 'C:\\wamp64\\www\\t...', 312, Array)
#1 C:\wamp64\www\tontine\system\Database\Query.php(312): implode(',', Array)
#2 C:\wamp64\www\tontine\system\Database\Query.php(293): CodeIgniter\Database\Query->matchNamedBinds('SELECT *\nFROM `...', Array)
#3 C:\wamp64\www\tontine\system\Database\Query.php(150): CodeIgniter\Database\Query->compileBinds()
#4 C:\wamp64\www\tontine\system\Database\BaseConnection.php(598): CodeIgniter\Database\Query->getQuery()
#5 C:\wamp64\www\tontine\system\Database\BaseBuilder.php(1455): CodeIgniter\Database\BaseConnection->query('SELECT *\nFROM `...', Array, false)
#6 C:\wamp64\www\tontine\system\Model.php(183): CodeIgniter\Database\BaseBuilder->get()
#7 C:\wamp64\www\tontine\system\BaseModel.php(584): CodeIgniter\Model->doFindAll(0, 0)
#8 C:\wamp64\www\tontine\app\Models\AdherentModel.php(47): CodeIgniter\BaseModel->findAll()
#9 C:\wamp64\www\tontine\app\Controllers\Administrateur.php(15): App\Models\AdherentModel->participants()
#10 C:\wamp64\www\tontine\system\CodeIgniter.php(825): App\Controllers\Administrateur->index()
#11 C:\wamp64\www\tontine\system\CodeIgniter.php(412): CodeIgniter\CodeIgniter->runController(Object(App\Controllers\Administrateur))
#12 C:\wamp64\www\tontine\system\CodeIgniter.php(320): CodeIgniter\CodeIgniter->handleRequest(NULL, Object(Config\Cache), false)
#13 C:\wamp64\www\tontine\public\index.php(37): CodeIgniter\CodeIgniter->run()
#14 {main}
CRITICAL - 2022-04-02 09:56:50 --> count(): Parameter must be an array or an object that implements Countable
#0 C:\wamp64\www\tontine\app\Views\administrateur\index.php(45): CodeIgniter\Debug\Exceptions->errorHandler(2, 'count(): Parame...', 'C:\\wamp64\\www\\t...', 45, Array)
#1 C:\wamp64\www\tontine\system\View\View.php(210): include('C:\\wamp64\\www\\t...')
#2 C:\wamp64\www\tontine\system\View\View.php(213): CodeIgniter\View\View->CodeIgniter\View\{closure}()
#3 C:\wamp64\www\tontine\system\Common.php(1089): CodeIgniter\View\View->render('administrateur/...', Array, true)
#4 C:\wamp64\www\tontine\app\Controllers\Administrateur.php(21): view('administrateur/...')
#5 C:\wamp64\www\tontine\system\CodeIgniter.php(825): App\Controllers\Administrateur->index()
#6 C:\wamp64\www\tontine\system\CodeIgniter.php(412): CodeIgniter\CodeIgniter->runController(Object(App\Controllers\Administrateur))
#7 C:\wamp64\www\tontine\system\CodeIgniter.php(320): CodeIgniter\CodeIgniter->handleRequest(NULL, Object(Config\Cache), false)
#8 C:\wamp64\www\tontine\public\index.php(37): CodeIgniter\CodeIgniter->run()
#9 {main}
ERROR - 2022-04-02 10:00:56 --> Champ 'adherent' inconnu dans from clause
CRITICAL - 2022-04-02 10:00:56 --> Champ 'adherent' inconnu dans from clause
#0 C:\wamp64\www\tontine\system\Database\MySQLi\Connection.php(292): mysqli->query('SELECT *\nFROM `...', 0)
#1 C:\wamp64\www\tontine\system\Database\BaseConnection.php(670): CodeIgniter\Database\MySQLi\Connection->execute('SELECT *\nFROM `...')
#2 C:\wamp64\www\tontine\system\Database\BaseConnection.php(598): CodeIgniter\Database\BaseConnection->simpleQuery('SELECT *\nFROM `...')
#3 C:\wamp64\www\tontine\system\Database\BaseBuilder.php(1455): CodeIgniter\Database\BaseConnection->query('SELECT *\nFROM `...', Array, false)
#4 C:\wamp64\www\tontine\system\Model.php(728): CodeIgniter\Database\BaseBuilder->get()
#5 C:\wamp64\www\tontine\app\Models\AdherentModel.php(42): CodeIgniter\Model->__call('get', Array)
#6 C:\wamp64\www\tontine\app\Controllers\Administrateur.php(15): App\Models\AdherentModel->participants()
#7 C:\wamp64\www\tontine\system\CodeIgniter.php(825): App\Controllers\Administrateur->index()
#8 C:\wamp64\www\tontine\system\CodeIgniter.php(412): CodeIgniter\CodeIgniter->runController(Object(App\Controllers\Administrateur))
#9 C:\wamp64\www\tontine\system\CodeIgniter.php(320): CodeIgniter\CodeIgniter->handleRequest(NULL, Object(Config\Cache), false)
#10 C:\wamp64\www\tontine\public\index.php(37): CodeIgniter\CodeIgniter->run()
#11 {main}
ERROR - 2022-04-02 10:01:58 --> Champ 'adherent' inconnu dans from clause
CRITICAL - 2022-04-02 10:01:58 --> Champ 'adherent' inconnu dans from clause
#0 C:\wamp64\www\tontine\system\Database\MySQLi\Connection.php(292): mysqli->query('SELECT *\nFROM `...', 0)
#1 C:\wamp64\www\tontine\system\Database\BaseConnection.php(670): CodeIgniter\Database\MySQLi\Connection->execute('SELECT *\nFROM `...')
#2 C:\wamp64\www\tontine\system\Database\BaseConnection.php(598): CodeIgniter\Database\BaseConnection->simpleQuery('SELECT *\nFROM `...')
#3 C:\wamp64\www\tontine\system\Database\BaseBuilder.php(1455): CodeIgniter\Database\BaseConnection->query('SELECT *\nFROM `...', Array, false)
#4 C:\wamp64\www\tontine\system\Model.php(183): CodeIgniter\Database\BaseBuilder->get()
#5 C:\wamp64\www\tontine\system\BaseModel.php(584): CodeIgniter\Model->doFindAll(0, 0)
#6 C:\wamp64\www\tontine\app\Models\AdherentModel.php(42): CodeIgniter\BaseModel->findAll()
#7 C:\wamp64\www\tontine\app\Controllers\Administrateur.php(15): App\Models\AdherentModel->participants()
#8 C:\wamp64\www\tontine\system\CodeIgniter.php(825): App\Controllers\Administrateur->index()
#9 C:\wamp64\www\tontine\system\CodeIgniter.php(412): CodeIgniter\CodeIgniter->runController(Object(App\Controllers\Administrateur))
#10 C:\wamp64\www\tontine\system\CodeIgniter.php(320): CodeIgniter\CodeIgniter->handleRequest(NULL, Object(Config\Cache), false)
#11 C:\wamp64\www\tontine\public\index.php(37): CodeIgniter\CodeIgniter->run()
#12 {main}
CRITICAL - 2022-04-02 10:02:28 --> count(): Parameter must be an array or an object that implements Countable
#0 C:\wamp64\www\tontine\app\Views\administrateur\index.php(45): CodeIgniter\Debug\Exceptions->errorHandler(2, 'count(): Parame...', 'C:\\wamp64\\www\\t...', 45, Array)
#1 C:\wamp64\www\tontine\system\View\View.php(210): include('C:\\wamp64\\www\\t...')
#2 C:\wamp64\www\tontine\system\View\View.php(213): CodeIgniter\View\View->CodeIgniter\View\{closure}()
#3 C:\wamp64\www\tontine\system\Common.php(1089): CodeIgniter\View\View->render('administrateur/...', Array, true)
#4 C:\wamp64\www\tontine\app\Controllers\Administrateur.php(21): view('administrateur/...')
#5 C:\wamp64\www\tontine\system\CodeIgniter.php(825): App\Controllers\Administrateur->index()
#6 C:\wamp64\www\tontine\system\CodeIgniter.php(412): CodeIgniter\CodeIgniter->runController(Object(App\Controllers\Administrateur))
#7 C:\wamp64\www\tontine\system\CodeIgniter.php(320): CodeIgniter\CodeIgniter->handleRequest(NULL, Object(Config\Cache), false)
#8 C:\wamp64\www\tontine\public\index.php(37): CodeIgniter\CodeIgniter->run()
#9 {main}
CRITICAL - 2022-04-02 10:03:42 --> Call to undefined method App\Models\AdherentModel::participants
#0 C:\wamp64\www\tontine\app\Controllers\Administrateur.php(15): CodeIgniter\Model->__call('participants', Array)
#1 C:\wamp64\www\tontine\system\CodeIgniter.php(825): App\Controllers\Administrateur->index()
#2 C:\wamp64\www\tontine\system\CodeIgniter.php(412): CodeIgniter\CodeIgniter->runController(Object(App\Controllers\Administrateur))
#3 C:\wamp64\www\tontine\system\CodeIgniter.php(320): CodeIgniter\CodeIgniter->handleRequest(NULL, Object(Config\Cache), false)
#4 C:\wamp64\www\tontine\public\index.php(37): CodeIgniter\CodeIgniter->run()
#5 {main}
CRITICAL - 2022-04-02 10:11:44 --> Undefined index: prenom
#0 C:\wamp64\www\tontine\app\Views\administrateur\index.php(62): CodeIgniter\Debug\Exceptions->errorHandler(8, 'Undefined index...', 'C:\\wamp64\\www\\t...', 62, Array)
#1 C:\wamp64\www\tontine\system\View\View.php(210): include('C:\\wamp64\\www\\t...')
#2 C:\wamp64\www\tontine\system\View\View.php(213): CodeIgniter\View\View->CodeIgniter\View\{closure}()
#3 C:\wamp64\www\tontine\system\Common.php(1089): CodeIgniter\View\View->render('administrateur/...', Array, true)
#4 C:\wamp64\www\tontine\app\Controllers\Administrateur.php(21): view('administrateur/...')
#5 C:\wamp64\www\tontine\system\CodeIgniter.php(825): App\Controllers\Administrateur->index()
#6 C:\wamp64\www\tontine\system\CodeIgniter.php(412): CodeIgniter\CodeIgniter->runController(Object(App\Controllers\Administrateur))
#7 C:\wamp64\www\tontine\system\CodeIgniter.php(320): CodeIgniter\CodeIgniter->handleRequest(NULL, Object(Config\Cache), false)
#8 C:\wamp64\www\tontine\public\index.php(37): CodeIgniter\CodeIgniter->run()
#9 {main}
CRITICAL - 2022-04-02 10:13:11 --> Undefined index: prenom
#0 C:\wamp64\www\tontine\app\Views\administrateur\index.php(62): CodeIgniter\Debug\Exceptions->errorHandler(8, 'Undefined index...', 'C:\\wamp64\\www\\t...', 62, Array)
#1 C:\wamp64\www\tontine\system\View\View.php(210): include('C:\\wamp64\\www\\t...')
#2 C:\wamp64\www\tontine\system\View\View.php(213): CodeIgniter\View\View->CodeIgniter\View\{closure}()
#3 C:\wamp64\www\tontine\system\Common.php(1089): CodeIgniter\View\View->render('administrateur/...', Array, true)
#4 C:\wamp64\www\tontine\app\Controllers\Administrateur.php(21): view('administrateur/...')
#5 C:\wamp64\www\tontine\system\CodeIgniter.php(825): App\Controllers\Administrateur->index()
#6 C:\wamp64\www\tontine\system\CodeIgniter.php(412): CodeIgniter\CodeIgniter->runController(Object(App\Controllers\Administrateur))
#7 C:\wamp64\www\tontine\system\CodeIgniter.php(320): CodeIgniter\CodeIgniter->handleRequest(NULL, Object(Config\Cache), false)
#8 C:\wamp64\www\tontine\public\index.php(37): CodeIgniter\CodeIgniter->run()
#9 {main}
CRITICAL - 2022-04-02 15:40:17 --> Call to undefined method CodeIgniter\Database\MySQLi\Builder::findAll()
#0 C:\wamp64\www\tontine\app\Controllers\Adherent.php(24): App\Models\TontineModel->mesTontines('2')
#1 C:\wamp64\www\tontine\system\CodeIgniter.php(825): App\Controllers\Adherent->index()
#2 C:\wamp64\www\tontine\system\CodeIgniter.php(412): CodeIgniter\CodeIgniter->runController(Object(App\Controllers\Adherent))
#3 C:\wamp64\www\tontine\system\CodeIgniter.php(320): CodeIgniter\CodeIgniter->handleRequest(NULL, Object(Config\Cache), false)
#4 C:\wamp64\www\tontine\public\index.php(37): CodeIgniter\CodeIgniter->run()
#5 {main}
ERROR - 2022-04-02 15:44:09 --> Champ 'nom' inconnu dans field list
CRITICAL - 2022-04-02 15:44:09 --> Champ 'nom' inconnu dans field list
#0 C:\wamp64\www\tontine\system\Database\MySQLi\Connection.php(292): mysqli->query('SELECT DISTINCT...', 0)
#1 C:\wamp64\www\tontine\system\Database\BaseConnection.php(670): CodeIgniter\Database\MySQLi\Connection->execute('SELECT DISTINCT...')
#2 C:\wamp64\www\tontine\system\Database\BaseConnection.php(598): CodeIgniter\Database\BaseConnection->simpleQuery('SELECT DISTINCT...')
#3 C:\wamp64\www\tontine\system\Database\BaseBuilder.php(1455): CodeIgniter\Database\BaseConnection->query('SELECT DISTINCT...', Array, false)
#4 C:\wamp64\www\tontine\system\Model.php(183): CodeIgniter\Database\BaseBuilder->get()
#5 C:\wamp64\www\tontine\system\BaseModel.php(584): CodeIgniter\Model->doFindAll(0, 0)
#6 C:\wamp64\www\tontine\app\Models\TontineModel.php(35): CodeIgniter\BaseModel->findAll()
#7 C:\wamp64\www\tontine\app\Controllers\Adherent.php(24): App\Models\TontineModel->mesTontines('2')
#8 C:\wamp64\www\tontine\system\CodeIgniter.php(825): App\Controllers\Adherent->index()
#9 C:\wamp64\www\tontine\system\CodeIgniter.php(412): CodeIgniter\CodeIgniter->runController(Object(App\Controllers\Adherent))
#10 C:\wamp64\www\tontine\system\CodeIgniter.php(320): CodeIgniter\CodeIgniter->handleRequest(NULL, Object(Config\Cache), false)
#11 C:\wamp64\www\tontine\public\index.php(37): CodeIgniter\CodeIgniter->run()
#12 {main}
CRITICAL - 2022-04-02 15:44:32 --> Undefined index: id
#0 C:\wamp64\www\tontine\app\Views\adherent\index.php(72): CodeIgniter\Debug\Exceptions->errorHandler(8, 'Undefined index...', 'C:\\wamp64\\www\\t...', 72, Array)
#1 C:\wamp64\www\tontine\system\View\View.php(210): include('C:\\wamp64\\www\\t...')
#2 C:\wamp64\www\tontine\system\View\View.php(213): CodeIgniter\View\View->CodeIgniter\View\{closure}()
#3 C:\wamp64\www\tontine\system\Common.php(1089): CodeIgniter\View\View->render('adherent/index', Array, true)
#4 C:\wamp64\www\tontine\app\Controllers\Adherent.php(34): view('adherent/index')
#5 C:\wamp64\www\tontine\system\CodeIgniter.php(825): App\Controllers\Adherent->index()
#6 C:\wamp64\www\tontine\system\CodeIgniter.php(412): CodeIgniter\CodeIgniter->runController(Object(App\Controllers\Adherent))
#7 C:\wamp64\www\tontine\system\CodeIgniter.php(320): CodeIgniter\CodeIgniter->handleRequest(NULL, Object(Config\Cache), false)
#8 C:\wamp64\www\tontine\public\index.php(37): CodeIgniter\CodeIgniter->run()
#9 {main}
CRITICAL - 2022-04-02 15:48:18 --> Too few arguments to function CodeIgniter\Database\BaseBuilder::join(), 1 passed in C:\wamp64\www\tontine\system\Model.php on line 728 and at least 2 expected
#0 C:\wamp64\www\tontine\system\Model.php(728): CodeIgniter\Database\BaseBuilder->join('p.idAdherent=')
#1 C:\wamp64\www\tontine\app\Models\TontineModel.php(33): CodeIgniter\Model->__call('join', Array)
#2 C:\wamp64\www\tontine\app\Controllers\Adherent.php(24): App\Models\TontineModel->mesTontines('2')
#3 C:\wamp64\www\tontine\system\CodeIgniter.php(825): App\Controllers\Adherent->index()
#4 C:\wamp64\www\tontine\system\CodeIgniter.php(412): CodeIgniter\CodeIgniter->runController(Object(App\Controllers\Adherent))
#5 C:\wamp64\www\tontine\system\CodeIgniter.php(320): CodeIgniter\CodeIgniter->handleRequest(NULL, Object(Config\Cache), false)
#6 C:\wamp64\www\tontine\public\index.php(37): CodeIgniter\CodeIgniter->run()
#7 {main}
ERROR - 2022-04-02 15:48:55 --> Erreur de syntaxe près de '' à la ligne 4
CRITICAL - 2022-04-02 15:48:55 --> Erreur de syntaxe près de '' à la ligne 4
#0 C:\wamp64\www\tontine\system\Database\MySQLi\Connection.php(292): mysqli->query('SELECT DISTINCT...', 0)
#1 C:\wamp64\www\tontine\system\Database\BaseConnection.php(670): CodeIgniter\Database\MySQLi\Connection->execute('SELECT DISTINCT...')
#2 C:\wamp64\www\tontine\system\Database\BaseConnection.php(598): CodeIgniter\Database\BaseConnection->simpleQuery('SELECT DISTINCT...')
#3 C:\wamp64\www\tontine\system\Database\BaseBuilder.php(1455): CodeIgniter\Database\BaseConnection->query('SELECT DISTINCT...', Array, false)
#4 C:\wamp64\www\tontine\system\Model.php(183): CodeIgniter\Database\BaseBuilder->get()
#5 C:\wamp64\www\tontine\system\BaseModel.php(584): CodeIgniter\Model->doFindAll(0, 0)
#6 C:\wamp64\www\tontine\app\Models\TontineModel.php(36): CodeIgniter\BaseModel->findAll()
#7 C:\wamp64\www\tontine\app\Controllers\Adherent.php(24): App\Models\TontineModel->mesTontines('2')
#8 C:\wamp64\www\tontine\system\CodeIgniter.php(825): App\Controllers\Adherent->index()
#9 C:\wamp64\www\tontine\system\CodeIgniter.php(412): CodeIgniter\CodeIgniter->runController(Object(App\Controllers\Adherent))
#10 C:\wamp64\www\tontine\system\CodeIgniter.php(320): CodeIgniter\CodeIgniter->handleRequest(NULL, Object(Config\Cache), false)
#11 C:\wamp64\www\tontine\public\index.php(37): CodeIgniter\CodeIgniter->run()
#12 {main}
CRITICAL - 2022-04-02 16:03:27 --> Cannot use object of type mysqli as array
#0 C:\wamp64\www\tontine\system\View\View.php(210): include()
#1 C:\wamp64\www\tontine\system\View\View.php(213): CodeIgniter\View\View->CodeIgniter\View\{closure}()
#2 C:\wamp64\www\tontine\system\Common.php(1089): CodeIgniter\View\View->render('adherent/index', Array, true)
#3 C:\wamp64\www\tontine\app\Controllers\Adherent.php(34): view('adherent/index')
#4 C:\wamp64\www\tontine\system\CodeIgniter.php(825): App\Controllers\Adherent->index()
#5 C:\wamp64\www\tontine\system\CodeIgniter.php(412): CodeIgniter\CodeIgniter->runController(Object(App\Controllers\Adherent))
#6 C:\wamp64\www\tontine\system\CodeIgniter.php(320): CodeIgniter\CodeIgniter->handleRequest(NULL, Object(Config\Cache), false)
#7 C:\wamp64\www\tontine\public\index.php(37): CodeIgniter\CodeIgniter->run()
#8 {main}
CRITICAL - 2022-04-02 16:03:53 --> Trying to access array offset on value of type null
#0 C:\wamp64\www\tontine\app\Views\adherent\index.php(65): CodeIgniter\Debug\Exceptions->errorHandler(8, 'Trying to acces...', 'C:\\wamp64\\www\\t...', 65, Array)
#1 C:\wamp64\www\tontine\system\View\View.php(210): include('C:\\wamp64\\www\\t...')
#2 C:\wamp64\www\tontine\system\View\View.php(213): CodeIgniter\View\View->CodeIgniter\View\{closure}()
#3 C:\wamp64\www\tontine\system\Common.php(1089): CodeIgniter\View\View->render('adherent/index', Array, true)
#4 C:\wamp64\www\tontine\app\Controllers\Adherent.php(34): view('adherent/index')
#5 C:\wamp64\www\tontine\system\CodeIgniter.php(825): App\Controllers\Adherent->index()
#6 C:\wamp64\www\tontine\system\CodeIgniter.php(412): CodeIgniter\CodeIgniter->runController(Object(App\Controllers\Adherent))
#7 C:\wamp64\www\tontine\system\CodeIgniter.php(320): CodeIgniter\CodeIgniter->handleRequest(NULL, Object(Config\Cache), false)
#8 C:\wamp64\www\tontine\public\index.php(37): CodeIgniter\CodeIgniter->run()
#9 {main}
CRITICAL - 2022-04-02 16:16:22 --> Trying to access array offset on value of type null
#0 C:\wamp64\www\tontine\app\Views\adherent\index.php(65): CodeIgniter\Debug\Exceptions->errorHandler(8, 'Trying to acces...', 'C:\\wamp64\\www\\t...', 65, Array)
#1 C:\wamp64\www\tontine\system\View\View.php(210): include('C:\\wamp64\\www\\t...')
#2 C:\wamp64\www\tontine\system\View\View.php(213): CodeIgniter\View\View->CodeIgniter\View\{closure}()
#3 C:\wamp64\www\tontine\system\Common.php(1089): CodeIgniter\View\View->render('adherent/index', Array, true)
#4 C:\wamp64\www\tontine\app\Controllers\Adherent.php(34): view('adherent/index')
#5 C:\wamp64\www\tontine\system\CodeIgniter.php(825): App\Controllers\Adherent->index()
#6 C:\wamp64\www\tontine\system\CodeIgniter.php(412): CodeIgniter\CodeIgniter->runController(Object(App\Controllers\Adherent))
#7 C:\wamp64\www\tontine\system\CodeIgniter.php(320): CodeIgniter\CodeIgniter->handleRequest(NULL, Object(Config\Cache), false)
#8 C:\wamp64\www\tontine\public\index.php(37): CodeIgniter\CodeIgniter->run()
#9 {main}
ERROR - 2022-04-02 16:18:14 --> Operand should contain 1 column(s)
CRITICAL - 2022-04-02 16:18:14 --> Operand should contain 1 column(s)
#0 C:\wamp64\www\tontine\system\Database\MySQLi\Connection.php(292): mysqli->query('SELECT *\nFROM `...', 0)
#1 C:\wamp64\www\tontine\system\Database\BaseConnection.php(670): CodeIgniter\Database\MySQLi\Connection->execute('SELECT *\nFROM `...')
#2 C:\wamp64\www\tontine\system\Database\BaseConnection.php(598): CodeIgniter\Database\BaseConnection->simpleQuery('SELECT *\nFROM `...')
#3 C:\wamp64\www\tontine\system\Database\BaseBuilder.php(1455): CodeIgniter\Database\BaseConnection->query('SELECT *\nFROM `...', Array, false)
#4 C:\wamp64\www\tontine\system\Model.php(183): CodeIgniter\Database\BaseBuilder->get()
#5 C:\wamp64\www\tontine\system\BaseModel.php(584): CodeIgniter\Model->doFindAll(0, 0)
#6 C:\wamp64\www\tontine\app\Models\TontineModel.php(41): CodeIgniter\BaseModel->findAll()
#7 C:\wamp64\www\tontine\app\Controllers\Adherent.php(24): App\Models\TontineModel->mesTontines('2')
#8 C:\wamp64\www\tontine\system\CodeIgniter.php(825): App\Controllers\Adherent->index()
#9 C:\wamp64\www\tontine\system\CodeIgniter.php(412): CodeIgniter\CodeIgniter->runController(Object(App\Controllers\Adherent))
#10 C:\wamp64\www\tontine\system\CodeIgniter.php(320): CodeIgniter\CodeIgniter->handleRequest(NULL, Object(Config\Cache), false)
#11 C:\wamp64\www\tontine\public\index.php(37): CodeIgniter\CodeIgniter->run()
#12 {main}
CRITICAL - 2022-04-02 16:21:22 --> Trying to access array offset on value of type null
#0 C:\wamp64\www\tontine\app\Views\adherent\tontine.php(2): CodeIgniter\Debug\Exceptions->errorHandler(8, 'Trying to acces...', 'C:\\wamp64\\www\\t...', 2, Array)
#1 C:\wamp64\www\tontine\system\View\View.php(210): include('C:\\wamp64\\www\\t...')
#2 C:\wamp64\www\tontine\system\View\View.php(213): CodeIgniter\View\View->CodeIgniter\View\{closure}()
#3 C:\wamp64\www\tontine\system\Common.php(1089): CodeIgniter\View\View->render('adherent/tontin...', Array, true)
#4 C:\wamp64\www\tontine\app\Controllers\Adherent.php(165): view('adherent/tontin...')
#5 C:\wamp64\www\tontine\system\CodeIgniter.php(825): App\Controllers\Adherent->tontine('starter-templat...')
#6 C:\wamp64\www\tontine\system\CodeIgniter.php(412): CodeIgniter\CodeIgniter->runController(Object(App\Controllers\Adherent))
#7 C:\wamp64\www\tontine\system\CodeIgniter.php(320): CodeIgniter\CodeIgniter->handleRequest(NULL, Object(Config\Cache), false)
#8 C:\wamp64\www\tontine\public\index.php(37): CodeIgniter\CodeIgniter->run()
#9 {main}
CRITICAL - 2022-04-02 16:21:25 --> Trying to access array offset on value of type null
#0 C:\wamp64\www\tontine\app\Views\adherent\tontine.php(2): CodeIgniter\Debug\Exceptions->errorHandler(8, 'Trying to acces...', 'C:\\wamp64\\www\\t...', 2, Array)
#1 C:\wamp64\www\tontine\system\View\View.php(210): include('C:\\wamp64\\www\\t...')
#2 C:\wamp64\www\tontine\system\View\View.php(213): CodeIgniter\View\View->CodeIgniter\View\{closure}()
#3 C:\wamp64\www\tontine\system\Common.php(1089): CodeIgniter\View\View->render('adherent/tontin...', Array, true)
#4 C:\wamp64\www\tontine\app\Controllers\Adherent.php(165): view('adherent/tontin...')
#5 C:\wamp64\www\tontine\system\CodeIgniter.php(825): App\Controllers\Adherent->tontine('starter-templat...')
#6 C:\wamp64\www\tontine\system\CodeIgniter.php(412): CodeIgniter\CodeIgniter->runController(Object(App\Controllers\Adherent))
#7 C:\wamp64\www\tontine\system\CodeIgniter.php(320): CodeIgniter\CodeIgniter->handleRequest(NULL, Object(Config\Cache), false)
#8 C:\wamp64\www\tontine\public\index.php(37): CodeIgniter\CodeIgniter->run()
#9 {main}
CRITICAL - 2022-04-02 16:23:26 --> Trying to access array offset on value of type null
#0 C:\wamp64\www\tontine\app\Views\adherent\tontine.php(2): CodeIgniter\Debug\Exceptions->errorHandler(8, 'Trying to acces...', 'C:\\wamp64\\www\\t...', 2, Array)
#1 C:\wamp64\www\tontine\system\View\View.php(210): include('C:\\wamp64\\www\\t...')
#2 C:\wamp64\www\tontine\system\View\View.php(213): CodeIgniter\View\View->CodeIgniter\View\{closure}()
#3 C:\wamp64\www\tontine\system\Common.php(1089): CodeIgniter\View\View->render('adherent/tontin...', Array, true)
#4 C:\wamp64\www\tontine\app\Controllers\Adherent.php(164): view('adherent/tontin...')
#5 C:\wamp64\www\tontine\system\CodeIgniter.php(825): App\Controllers\Adherent->tontine('starter-templat...')
#6 C:\wamp64\www\tontine\system\CodeIgniter.php(412): CodeIgniter\CodeIgniter->runController(Object(App\Controllers\Adherent))
#7 C:\wamp64\www\tontine\system\CodeIgniter.php(320): CodeIgniter\CodeIgniter->handleRequest(NULL, Object(Config\Cache), false)
#8 C:\wamp64\www\tontine\public\index.php(37): CodeIgniter\CodeIgniter->run()
#9 {main}
CRITICAL - 2022-04-02 16:23:40 --> Trying to access array offset on value of type null
#0 C:\wamp64\www\tontine\app\Views\adherent\tontine.php(2): CodeIgniter\Debug\Exceptions->errorHandler(8, 'Trying to acces...', 'C:\\wamp64\\www\\t...', 2, Array)
#1 C:\wamp64\www\tontine\system\View\View.php(210): include('C:\\wamp64\\www\\t...')
#2 C:\wamp64\www\tontine\system\View\View.php(213): CodeIgniter\View\View->CodeIgniter\View\{closure}()
#3 C:\wamp64\www\tontine\system\Common.php(1089): CodeIgniter\View\View->render('adherent/tontin...', Array, true)
#4 C:\wamp64\www\tontine\app\Controllers\Adherent.php(164): view('adherent/tontin...')
#5 C:\wamp64\www\tontine\system\CodeIgniter.php(825): App\Controllers\Adherent->tontine('starter-templat...')
#6 C:\wamp64\www\tontine\system\CodeIgniter.php(412): CodeIgniter\CodeIgniter->runController(Object(App\Controllers\Adherent))
#7 C:\wamp64\www\tontine\system\CodeIgniter.php(320): CodeIgniter\CodeIgniter->handleRequest(NULL, Object(Config\Cache), false)
#8 C:\wamp64\www\tontine\public\index.php(37): CodeIgniter\CodeIgniter->run()
#9 {main}
CRITICAL - 2022-04-02 16:36:18 --> Undefined variable: tontine
#0 C:\wamp64\www\tontine\app\Views\administrateur\gestionUtilisateurs.php(19): CodeIgniter\Debug\Exceptions->errorHandler(8, 'Undefined varia...', 'C:\\wamp64\\www\\t...', 19, Array)
#1 C:\wamp64\www\tontine\system\View\View.php(210): include('C:\\wamp64\\www\\t...')
#2 C:\wamp64\www\tontine\system\View\View.php(213): CodeIgniter\View\View->CodeIgniter\View\{closure}()
#3 C:\wamp64\www\tontine\system\Common.php(1089): CodeIgniter\View\View->render('administrateur/...', Array, true)
#4 C:\wamp64\www\tontine\app\Controllers\Administrateur.php(31): view('administrateur/...')
#5 C:\wamp64\www\tontine\system\CodeIgniter.php(825): App\Controllers\Administrateur->gestionUtilisateurs()
#6 C:\wamp64\www\tontine\system\CodeIgniter.php(412): CodeIgniter\CodeIgniter->runController(Object(App\Controllers\Administrateur))
#7 C:\wamp64\www\tontine\system\CodeIgniter.php(320): CodeIgniter\CodeIgniter->handleRequest(NULL, Object(Config\Cache), false)
#8 C:\wamp64\www\tontine\public\index.php(37): CodeIgniter\CodeIgniter->run()
#9 {main}
CRITICAL - 2022-04-02 16:58:18 --> There is no data to update.
#0 C:\wamp64\www\tontine\system\BaseModel.php(846): CodeIgniter\Database\Exceptions\DataException::forEmptyDataset('update')
#1 C:\wamp64\www\tontine\system\Model.php(651): CodeIgniter\BaseModel->update(Array, Array)
#2 C:\wamp64\www\tontine\system\BaseModel.php(656): CodeIgniter\Model->update('1', Array)
#3 C:\wamp64\www\tontine\app\Controllers\Administrateur.php(50): CodeIgniter\BaseModel->save(Array)
#4 C:\wamp64\www\tontine\system\CodeIgniter.php(825): App\Controllers\Administrateur->bloquer('1')
#5 C:\wamp64\www\tontine\system\CodeIgniter.php(412): CodeIgniter\CodeIgniter->runController(Object(App\Controllers\Administrateur))
#6 C:\wamp64\www\tontine\system\CodeIgniter.php(320): CodeIgniter\CodeIgniter->handleRequest(NULL, Object(Config\Cache), false)
#7 C:\wamp64\www\tontine\public\index.php(37): CodeIgniter\CodeIgniter->run()
#8 {main}
CRITICAL - 2022-04-02 16:58:18 --> There is no data to update.
#0 C:\wamp64\www\tontine\system\BaseModel.php(846): CodeIgniter\Database\Exceptions\DataException::forEmptyDataset('update')
#1 C:\wamp64\www\tontine\system\Model.php(651): CodeIgniter\BaseModel->update(Array, Array)
#2 C:\wamp64\www\tontine\system\BaseModel.php(656): CodeIgniter\Model->update('1', Array)
#3 C:\wamp64\www\tontine\app\Controllers\Administrateur.php(50): CodeIgniter\BaseModel->save(Array)
#4 C:\wamp64\www\tontine\system\CodeIgniter.php(825): App\Controllers\Administrateur->bloquer('1')
#5 C:\wamp64\www\tontine\system\CodeIgniter.php(412): CodeIgniter\CodeIgniter->runController(Object(App\Controllers\Administrateur))
#6 C:\wamp64\www\tontine\system\CodeIgniter.php(320): CodeIgniter\CodeIgniter->handleRequest(NULL, Object(Config\Cache), false)
#7 C:\wamp64\www\tontine\public\index.php(37): CodeIgniter\CodeIgniter->run()
#8 {main}
CRITICAL - 2022-04-02 16:58:18 --> There is no data to update.
#0 C:\wamp64\www\tontine\system\BaseModel.php(846): CodeIgniter\Database\Exceptions\DataException::forEmptyDataset('update')
#1 C:\wamp64\www\tontine\system\Model.php(651): CodeIgniter\BaseModel->update(Array, Array)
#2 C:\wamp64\www\tontine\system\BaseModel.php(656): CodeIgniter\Model->update('1', Array)
#3 C:\wamp64\www\tontine\app\Controllers\Administrateur.php(50): CodeIgniter\BaseModel->save(Array)
#4 C:\wamp64\www\tontine\system\CodeIgniter.php(825): App\Controllers\Administrateur->bloquer('1')
#5 C:\wamp64\www\tontine\system\CodeIgniter.php(412): CodeIgniter\CodeIgniter->runController(Object(App\Controllers\Administrateur))
#6 C:\wamp64\www\tontine\system\CodeIgniter.php(320): CodeIgniter\CodeIgniter->handleRequest(NULL, Object(Config\Cache), false)
#7 C:\wamp64\www\tontine\public\index.php(37): CodeIgniter\CodeIgniter->run()
#8 {main}
CRITICAL - 2022-04-02 16:58:18 --> There is no data to update.
#0 C:\wamp64\www\tontine\system\BaseModel.php(846): CodeIgniter\Database\Exceptions\DataException::forEmptyDataset('update')
#1 C:\wamp64\www\tontine\system\Model.php(651): CodeIgniter\BaseModel->update(Array, Array)
#2 C:\wamp64\www\tontine\system\BaseModel.php(656): CodeIgniter\Model->update('1', Array)
#3 C:\wamp64\www\tontine\app\Controllers\Administrateur.php(50): CodeIgniter\BaseModel->save(Array)
#4 C:\wamp64\www\tontine\system\CodeIgniter.php(825): App\Controllers\Administrateur->bloquer('1')
#5 C:\wamp64\www\tontine\system\CodeIgniter.php(412): CodeIgniter\CodeIgniter->runController(Object(App\Controllers\Administrateur))
#6 C:\wamp64\www\tontine\system\CodeIgniter.php(320): CodeIgniter\CodeIgniter->handleRequest(NULL, Object(Config\Cache), false)
#7 C:\wamp64\www\tontine\public\index.php(37): CodeIgniter\CodeIgniter->run()
#8 {main}
CRITICAL - 2022-04-02 16:58:18 --> There is no data to update.
#0 C:\wamp64\www\tontine\system\BaseModel.php(846): CodeIgniter\Database\Exceptions\DataException::forEmptyDataset('update')
#1 C:\wamp64\www\tontine\system\Model.php(651): CodeIgniter\BaseModel->update(Array, Array)
#2 C:\wamp64\www\tontine\system\BaseModel.php(656): CodeIgniter\Model->update('1', Array)
#3 C:\wamp64\www\tontine\app\Controllers\Administrateur.php(50): CodeIgniter\BaseModel->save(Array)
#4 C:\wamp64\www\tontine\system\CodeIgniter.php(825): App\Controllers\Administrateur->bloquer('1')
#5 C:\wamp64\www\tontine\system\CodeIgniter.php(412): CodeIgniter\CodeIgniter->runController(Object(App\Controllers\Administrateur))
#6 C:\wamp64\www\tontine\system\CodeIgniter.php(320): CodeIgniter\CodeIgniter->handleRequest(NULL, Object(Config\Cache), false)
#7 C:\wamp64\www\tontine\public\index.php(37): CodeIgniter\CodeIgniter->run()
#8 {main}
CRITICAL - 2022-04-02 16:58:18 --> There is no data to update.
#0 C:\wamp64\www\tontine\system\BaseModel.php(846): CodeIgniter\Database\Exceptions\DataException::forEmptyDataset('update')
#1 C:\wamp64\www\tontine\system\Model.php(651): CodeIgniter\BaseModel->update(Array, Array)
#2 C:\wamp64\www\tontine\system\BaseModel.php(656): CodeIgniter\Model->update('1', Array)
#3 C:\wamp64\www\tontine\app\Controllers\Administrateur.php(50): CodeIgniter\BaseModel->save(Array)
#4 C:\wamp64\www\tontine\system\CodeIgniter.php(825): App\Controllers\Administrateur->bloquer('1')
#5 C:\wamp64\www\tontine\system\CodeIgniter.php(412): CodeIgniter\CodeIgniter->runController(Object(App\Controllers\Administrateur))
#6 C:\wamp64\www\tontine\system\CodeIgniter.php(320): CodeIgniter\CodeIgniter->handleRequest(NULL, Object(Config\Cache), false)
#7 C:\wamp64\www\tontine\public\index.php(37): CodeIgniter\CodeIgniter->run()
#8 {main}
CRITICAL - 2022-04-02 17:02:38 --> There is no data to update.
#0 C:\wamp64\www\tontine\system\BaseModel.php(846): CodeIgniter\Database\Exceptions\DataException::forEmptyDataset('update')
#1 C:\wamp64\www\tontine\system\Model.php(651): CodeIgniter\BaseModel->update(Array, Array)
#2 C:\wamp64\www\tontine\system\BaseModel.php(656): CodeIgniter\Model->update('1', Array)
#3 C:\wamp64\www\tontine\app\Controllers\Administrateur.php(50): CodeIgniter\BaseModel->save(Array)
#4 C:\wamp64\www\tontine\system\CodeIgniter.php(825): App\Controllers\Administrateur->bloquer('1')
#5 C:\wamp64\www\tontine\system\CodeIgniter.php(412): CodeIgniter\CodeIgniter->runController(Object(App\Controllers\Administrateur))
#6 C:\wamp64\www\tontine\system\CodeIgniter.php(320): CodeIgniter\CodeIgniter->handleRequest(NULL, Object(Config\Cache), false)
#7 C:\wamp64\www\tontine\public\index.php(37): CodeIgniter\CodeIgniter->run()
#8 {main}
CRITICAL - 2022-04-02 17:03:33 --> There is no data to update.
#0 C:\wamp64\www\tontine\system\BaseModel.php(846): CodeIgniter\Database\Exceptions\DataException::forEmptyDataset('update')
#1 C:\wamp64\www\tontine\system\Model.php(651): CodeIgniter\BaseModel->update(Array, Array)
#2 C:\wamp64\www\tontine\system\BaseModel.php(656): CodeIgniter\Model->update('1', Array)
#3 C:\wamp64\www\tontine\app\Controllers\Administrateur.php(50): CodeIgniter\BaseModel->save(Array)
#4 C:\wamp64\www\tontine\system\CodeIgniter.php(825): App\Controllers\Administrateur->bloquer('1')
#5 C:\wamp64\www\tontine\system\CodeIgniter.php(412): CodeIgniter\CodeIgniter->runController(Object(App\Controllers\Administrateur))
#6 C:\wamp64\www\tontine\system\CodeIgniter.php(320): CodeIgniter\CodeIgniter->handleRequest(NULL, Object(Config\Cache), false)
#7 C:\wamp64\www\tontine\public\index.php(37): CodeIgniter\CodeIgniter->run()
#8 {main}
CRITICAL - 2022-04-02 17:05:44 --> There is no data to update.
#0 C:\wamp64\www\tontine\system\BaseModel.php(846): CodeIgniter\Database\Exceptions\DataException::forEmptyDataset('update')
#1 C:\wamp64\www\tontine\system\Model.php(651): CodeIgniter\BaseModel->update(Array, Array)
#2 C:\wamp64\www\tontine\system\BaseModel.php(656): CodeIgniter\Model->update('1', Array)
#3 C:\wamp64\www\tontine\app\Controllers\Administrateur.php(50): CodeIgniter\BaseModel->save(Array)
#4 C:\wamp64\www\tontine\system\CodeIgniter.php(825): App\Controllers\Administrateur->bloquer('1')
#5 C:\wamp64\www\tontine\system\CodeIgniter.php(412): CodeIgniter\CodeIgniter->runController(Object(App\Controllers\Administrateur))
#6 C:\wamp64\www\tontine\system\CodeIgniter.php(320): CodeIgniter\CodeIgniter->handleRequest(NULL, Object(Config\Cache), false)
#7 C:\wamp64\www\tontine\public\index.php(37): CodeIgniter\CodeIgniter->run()
#8 {main}
CRITICAL - 2022-04-02 18:53:45 --> Call to undefined function set_value()
#0 C:\wamp64\www\tontine\system\View\View.php(210): include()
#1 C:\wamp64\www\tontine\system\View\View.php(213): CodeIgniter\View\View->CodeIgniter\View\{closure}()
#2 C:\wamp64\www\tontine\system\Common.php(1089): CodeIgniter\View\View->render('contact', Array, true)
#3 C:\wamp64\www\tontine\app\Controllers\Home.php(49): view('contact')
#4 C:\wamp64\www\tontine\system\CodeIgniter.php(825): App\Controllers\Home->contact()
#5 C:\wamp64\www\tontine\system\CodeIgniter.php(412): CodeIgniter\CodeIgniter->runController(Object(App\Controllers\Home))
#6 C:\wamp64\www\tontine\system\CodeIgniter.php(320): CodeIgniter\CodeIgniter->handleRequest(NULL, Object(Config\Cache), false)
#7 C:\wamp64\www\tontine\public\index.php(37): CodeIgniter\CodeIgniter->run()
#8 {main}
CRITICAL - 2022-04-02 18:57:51 --> Call to undefined function set_value()
#0 C:\wamp64\www\tontine\system\View\View.php(210): include()
#1 C:\wamp64\www\tontine\system\View\View.php(213): CodeIgniter\View\View->CodeIgniter\View\{closure}()
#2 C:\wamp64\www\tontine\system\Common.php(1089): CodeIgniter\View\View->render('contact', Array, true)
#3 C:\wamp64\www\tontine\app\Controllers\Home.php(49): view('contact')
#4 C:\wamp64\www\tontine\system\CodeIgniter.php(825): App\Controllers\Home->contact()
#5 C:\wamp64\www\tontine\system\CodeIgniter.php(412): CodeIgniter\CodeIgniter->runController(Object(App\Controllers\Home))
#6 C:\wamp64\www\tontine\system\CodeIgniter.php(320): CodeIgniter\CodeIgniter->handleRequest(NULL, Object(Config\Cache), false)
#7 C:\wamp64\www\tontine\public\index.php(37): CodeIgniter\CodeIgniter->run()
#8 {main}
CRITICAL - 2022-04-02 19:00:58 --> Invalid file: home/contact.php
#0 C:\wamp64\www\tontine\system\View\View.php(198): CodeIgniter\Exceptions\FrameworkException::forInvalidFile('home/contact.ph...')
#1 C:\wamp64\www\tontine\system\Common.php(1089): CodeIgniter\View\View->render('home/contact', Array, true)
#2 C:\wamp64\www\tontine\app\Controllers\Home.php(49): view('home/contact')
#3 C:\wamp64\www\tontine\system\CodeIgniter.php(825): App\Controllers\Home->contact()
#4 C:\wamp64\www\tontine\system\CodeIgniter.php(412): CodeIgniter\CodeIgniter->runController(Object(App\Controllers\Home))
#5 C:\wamp64\www\tontine\system\CodeIgniter.php(320): CodeIgniter\CodeIgniter->handleRequest(NULL, Object(Config\Cache), false)
#6 C:\wamp64\www\tontine\public\index.php(37): CodeIgniter\CodeIgniter->run()
#7 {main}
CRITICAL - 2022-04-02 19:01:30 --> Invalid file: home/contact.php
#0 C:\wamp64\www\tontine\system\View\View.php(198): CodeIgniter\Exceptions\FrameworkException::forInvalidFile('home/contact.ph...')
#1 C:\wamp64\www\tontine\system\Common.php(1089): CodeIgniter\View\View->render('home/contact', Array, true)
#2 C:\wamp64\www\tontine\app\Controllers\Home.php(49): view('home/contact')
#3 C:\wamp64\www\tontine\system\CodeIgniter.php(825): App\Controllers\Home->contact()
#4 C:\wamp64\www\tontine\system\CodeIgniter.php(412): CodeIgniter\CodeIgniter->runController(Object(App\Controllers\Home))
#5 C:\wamp64\www\tontine\system\CodeIgniter.php(320): CodeIgniter\CodeIgniter->handleRequest(NULL, Object(Config\Cache), false)
#6 C:\wamp64\www\tontine\public\index.php(37): CodeIgniter\CodeIgniter->run()
#7 {main}
