CRITICAL - 2022-04-10 18:15:45 --> syntax error, unexpected '?>', expecting function (T_FUNCTION) or const (T_CONST)
#0 /Applications/MAMP/htdocs/tontine/system/Autoloader/Autoloader.php(241): CodeIgniter\Autoloader\Autoloader->includeFile('/Applications/M...')
#1 /Applications/MAMP/htdocs/tontine/system/Autoloader/Autoloader.php(219): CodeIgniter\Autoloader\Autoloader->loadInNamespace('App\\Models\\Tont...')
#2 [internal function]: CodeIgniter\Autoloader\Autoloader->loadClass('App\\Models\\Tont...')
#3 /Applications/MAMP/htdocs/tontine/app/Controllers/Adherent.php(171): spl_autoload_call('App\\Models\\Tont...')
#4 /Applications/MAMP/htdocs/tontine/system/CodeIgniter.php(825): App\Controllers\Adherent->adhesion()
#5 /Applications/MAMP/htdocs/tontine/system/CodeIgniter.php(412): CodeIgniter\CodeIgniter->runController(Object(App\Controllers\Adherent))
#6 /Applications/MAMP/htdocs/tontine/system/CodeIgniter.php(320): CodeIgniter\CodeIgniter->handleRequest(NULL, Object(Config\Cache), false)
#7 /Applications/MAMP/htdocs/tontine/public/index.php(37): CodeIgniter\CodeIgniter->run()
#8 {main}
CRITICAL - 2022-04-10 18:15:46 --> syntax error, unexpected '?>', expecting function (T_FUNCTION) or const (T_CONST)
#0 /Applications/MAMP/htdocs/tontine/system/Autoloader/Autoloader.php(241): CodeIgniter\Autoloader\Autoloader->includeFile('/Applications/M...')
#1 /Applications/MAMP/htdocs/tontine/system/Autoloader/Autoloader.php(219): CodeIgniter\Autoloader\Autoloader->loadInNamespace('App\\Models\\Tont...')
#2 [internal function]: CodeIgniter\Autoloader\Autoloader->loadClass('App\\Models\\Tont...')
#3 /Applications/MAMP/htdocs/tontine/app/Controllers/Adherent.php(171): spl_autoload_call('App\\Models\\Tont...')
#4 /Applications/MAMP/htdocs/tontine/system/CodeIgniter.php(825): App\Controllers\Adherent->adhesion()
#5 /Applications/MAMP/htdocs/tontine/system/CodeIgniter.php(412): CodeIgniter\CodeIgniter->runController(Object(App\Controllers\Adherent))
#6 /Applications/MAMP/htdocs/tontine/system/CodeIgniter.php(320): CodeIgniter\CodeIgniter->handleRequest(NULL, Object(Config\Cache), false)
#7 /Applications/MAMP/htdocs/tontine/public/index.php(37): CodeIgniter\CodeIgniter->run()
#8 {main}
CRITICAL - 2022-04-10 18:15:49 --> syntax error, unexpected '?>', expecting function (T_FUNCTION) or const (T_CONST)
#0 /Applications/MAMP/htdocs/tontine/system/Autoloader/Autoloader.php(241): CodeIgniter\Autoloader\Autoloader->includeFile('/Applications/M...')
#1 /Applications/MAMP/htdocs/tontine/system/Autoloader/Autoloader.php(219): CodeIgniter\Autoloader\Autoloader->loadInNamespace('App\\Models\\Tont...')
#2 [internal function]: CodeIgniter\Autoloader\Autoloader->loadClass('App\\Models\\Tont...')
#3 /Applications/MAMP/htdocs/tontine/app/Controllers/Adherent.php(18): spl_autoload_call('App\\Models\\Tont...')
#4 /Applications/MAMP/htdocs/tontine/system/CodeIgniter.php(825): App\Controllers\Adherent->index()
#5 /Applications/MAMP/htdocs/tontine/system/CodeIgniter.php(412): CodeIgniter\CodeIgniter->runController(Object(App\Controllers\Adherent))
#6 /Applications/MAMP/htdocs/tontine/system/CodeIgniter.php(320): CodeIgniter\CodeIgniter->handleRequest(NULL, Object(Config\Cache), false)
#7 /Applications/MAMP/htdocs/tontine/public/index.php(37): CodeIgniter\CodeIgniter->run()
#8 {main}
CRITICAL - 2022-04-10 18:15:51 --> syntax error, unexpected '?>', expecting function (T_FUNCTION) or const (T_CONST)
#0 /Applications/MAMP/htdocs/tontine/system/Autoloader/Autoloader.php(241): CodeIgniter\Autoloader\Autoloader->includeFile('/Applications/M...')
#1 /Applications/MAMP/htdocs/tontine/system/Autoloader/Autoloader.php(219): CodeIgniter\Autoloader\Autoloader->loadInNamespace('App\\Models\\Tont...')
#2 [internal function]: CodeIgniter\Autoloader\Autoloader->loadClass('App\\Models\\Tont...')
#3 /Applications/MAMP/htdocs/tontine/app/Controllers/Adherent.php(171): spl_autoload_call('App\\Models\\Tont...')
#4 /Applications/MAMP/htdocs/tontine/system/CodeIgniter.php(825): App\Controllers\Adherent->adhesion()
#5 /Applications/MAMP/htdocs/tontine/system/CodeIgniter.php(412): CodeIgniter\CodeIgniter->runController(Object(App\Controllers\Adherent))
#6 /Applications/MAMP/htdocs/tontine/system/CodeIgniter.php(320): CodeIgniter\CodeIgniter->handleRequest(NULL, Object(Config\Cache), false)
#7 /Applications/MAMP/htdocs/tontine/public/index.php(37): CodeIgniter\CodeIgniter->run()
#8 {main}
CRITICAL - 2022-04-10 18:15:59 --> syntax error, unexpected '?>', expecting function (T_FUNCTION) or const (T_CONST)
#0 /Applications/MAMP/htdocs/tontine/system/Autoloader/Autoloader.php(241): CodeIgniter\Autoloader\Autoloader->includeFile('/Applications/M...')
#1 /Applications/MAMP/htdocs/tontine/system/Autoloader/Autoloader.php(219): CodeIgniter\Autoloader\Autoloader->loadInNamespace('App\\Models\\Tont...')
#2 [internal function]: CodeIgniter\Autoloader\Autoloader->loadClass('App\\Models\\Tont...')
#3 /Applications/MAMP/htdocs/tontine/app/Controllers/Adherent.php(171): spl_autoload_call('App\\Models\\Tont...')
#4 /Applications/MAMP/htdocs/tontine/system/CodeIgniter.php(825): App\Controllers\Adherent->adhesion()
#5 /Applications/MAMP/htdocs/tontine/system/CodeIgniter.php(412): CodeIgniter\CodeIgniter->runController(Object(App\Controllers\Adherent))
#6 /Applications/MAMP/htdocs/tontine/system/CodeIgniter.php(320): CodeIgniter\CodeIgniter->handleRequest(NULL, Object(Config\Cache), false)
#7 /Applications/MAMP/htdocs/tontine/public/index.php(37): CodeIgniter\CodeIgniter->run()
#8 {main}
CRITICAL - 2022-04-10 18:16:07 --> syntax error, unexpected '?>', expecting function (T_FUNCTION) or const (T_CONST)
#0 /Applications/MAMP/htdocs/tontine/system/Autoloader/Autoloader.php(241): CodeIgniter\Autoloader\Autoloader->includeFile('/Applications/M...')
#1 /Applications/MAMP/htdocs/tontine/system/Autoloader/Autoloader.php(219): CodeIgniter\Autoloader\Autoloader->loadInNamespace('App\\Models\\Tont...')
#2 [internal function]: CodeIgniter\Autoloader\Autoloader->loadClass('App\\Models\\Tont...')
#3 /Applications/MAMP/htdocs/tontine/app/Controllers/Adherent.php(18): spl_autoload_call('App\\Models\\Tont...')
#4 /Applications/MAMP/htdocs/tontine/system/CodeIgniter.php(825): App\Controllers\Adherent->index()
#5 /Applications/MAMP/htdocs/tontine/system/CodeIgniter.php(412): CodeIgniter\CodeIgniter->runController(Object(App\Controllers\Adherent))
#6 /Applications/MAMP/htdocs/tontine/system/CodeIgniter.php(320): CodeIgniter\CodeIgniter->handleRequest(NULL, Object(Config\Cache), false)
#7 /Applications/MAMP/htdocs/tontine/public/index.php(37): CodeIgniter\CodeIgniter->run()
#8 {main}
ERROR - 2022-04-10 18:20:02 --> Operand should contain 1 column(s)
CRITICAL - 2022-04-10 18:20:02 --> Call to a member function getResult() on bool
#0 /Applications/MAMP/htdocs/tontine/system/BaseModel.php(584): CodeIgniter\Model->doFindAll(0, 0)
#1 /Applications/MAMP/htdocs/tontine/app/Models/TontineModel.php(28): CodeIgniter\BaseModel->findAll()
#2 /Applications/MAMP/htdocs/tontine/app/Controllers/Adherent.php(172): App\Models\TontineModel->listeTontines('7')
#3 /Applications/MAMP/htdocs/tontine/system/CodeIgniter.php(825): App\Controllers\Adherent->adhesion()
#4 /Applications/MAMP/htdocs/tontine/system/CodeIgniter.php(412): CodeIgniter\CodeIgniter->runController(Object(App\Controllers\Adherent))
#5 /Applications/MAMP/htdocs/tontine/system/CodeIgniter.php(320): CodeIgniter\CodeIgniter->handleRequest(NULL, Object(Config\Cache), false)
#6 /Applications/MAMP/htdocs/tontine/public/index.php(37): CodeIgniter\CodeIgniter->run()
#7 {main}
ERROR - 2022-04-10 18:20:10 --> Operand should contain 1 column(s)
CRITICAL - 2022-04-10 18:20:10 --> Call to a member function getResult() on bool
#0 /Applications/MAMP/htdocs/tontine/system/BaseModel.php(584): CodeIgniter\Model->doFindAll(0, 0)
#1 /Applications/MAMP/htdocs/tontine/app/Models/TontineModel.php(28): CodeIgniter\BaseModel->findAll()
#2 /Applications/MAMP/htdocs/tontine/app/Controllers/Adherent.php(172): App\Models\TontineModel->listeTontines('7')
#3 /Applications/MAMP/htdocs/tontine/system/CodeIgniter.php(825): App\Controllers\Adherent->adhesion()
#4 /Applications/MAMP/htdocs/tontine/system/CodeIgniter.php(412): CodeIgniter\CodeIgniter->runController(Object(App\Controllers\Adherent))
#5 /Applications/MAMP/htdocs/tontine/system/CodeIgniter.php(320): CodeIgniter\CodeIgniter->handleRequest(NULL, Object(Config\Cache), false)
#6 /Applications/MAMP/htdocs/tontine/public/index.php(37): CodeIgniter\CodeIgniter->run()
#7 {main}
ERROR - 2022-04-10 18:20:10 --> Operand should contain 1 column(s)
CRITICAL - 2022-04-10 18:20:10 --> Call to a member function getResult() on bool
#0 /Applications/MAMP/htdocs/tontine/system/BaseModel.php(584): CodeIgniter\Model->doFindAll(0, 0)
#1 /Applications/MAMP/htdocs/tontine/app/Models/TontineModel.php(28): CodeIgniter\BaseModel->findAll()
#2 /Applications/MAMP/htdocs/tontine/app/Controllers/Adherent.php(172): App\Models\TontineModel->listeTontines('7')
#3 /Applications/MAMP/htdocs/tontine/system/CodeIgniter.php(825): App\Controllers\Adherent->adhesion()
#4 /Applications/MAMP/htdocs/tontine/system/CodeIgniter.php(412): CodeIgniter\CodeIgniter->runController(Object(App\Controllers\Adherent))
#5 /Applications/MAMP/htdocs/tontine/system/CodeIgniter.php(320): CodeIgniter\CodeIgniter->handleRequest(NULL, Object(Config\Cache), false)
#6 /Applications/MAMP/htdocs/tontine/public/index.php(37): CodeIgniter\CodeIgniter->run()
#7 {main}
ERROR - 2022-04-10 18:20:20 --> Operand should contain 1 column(s)
CRITICAL - 2022-04-10 18:20:20 --> Call to a member function getResult() on bool
#0 /Applications/MAMP/htdocs/tontine/system/BaseModel.php(584): CodeIgniter\Model->doFindAll(0, 0)
#1 /Applications/MAMP/htdocs/tontine/app/Models/TontineModel.php(28): CodeIgniter\BaseModel->findAll()
#2 /Applications/MAMP/htdocs/tontine/app/Controllers/Adherent.php(172): App\Models\TontineModel->listeTontines('7')
#3 /Applications/MAMP/htdocs/tontine/system/CodeIgniter.php(825): App\Controllers\Adherent->adhesion()
#4 /Applications/MAMP/htdocs/tontine/system/CodeIgniter.php(412): CodeIgniter\CodeIgniter->runController(Object(App\Controllers\Adherent))
#5 /Applications/MAMP/htdocs/tontine/system/CodeIgniter.php(320): CodeIgniter\CodeIgniter->handleRequest(NULL, Object(Config\Cache), false)
#6 /Applications/MAMP/htdocs/tontine/public/index.php(37): CodeIgniter\CodeIgniter->run()
#7 {main}
ERROR - 2022-04-10 18:20:26 --> Operand should contain 1 column(s)
CRITICAL - 2022-04-10 18:20:26 --> Call to a member function getResult() on bool
#0 /Applications/MAMP/htdocs/tontine/system/BaseModel.php(584): CodeIgniter\Model->doFindAll(0, 0)
#1 /Applications/MAMP/htdocs/tontine/app/Models/TontineModel.php(28): CodeIgniter\BaseModel->findAll()
#2 /Applications/MAMP/htdocs/tontine/app/Controllers/Adherent.php(172): App\Models\TontineModel->listeTontines('7')
#3 /Applications/MAMP/htdocs/tontine/system/CodeIgniter.php(825): App\Controllers\Adherent->adhesion()
#4 /Applications/MAMP/htdocs/tontine/system/CodeIgniter.php(412): CodeIgniter\CodeIgniter->runController(Object(App\Controllers\Adherent))
#5 /Applications/MAMP/htdocs/tontine/system/CodeIgniter.php(320): CodeIgniter\CodeIgniter->handleRequest(NULL, Object(Config\Cache), false)
#6 /Applications/MAMP/htdocs/tontine/public/index.php(37): CodeIgniter\CodeIgniter->run()
#7 {main}
ERROR - 2022-04-10 18:20:35 --> Operand should contain 1 column(s)
CRITICAL - 2022-04-10 18:20:35 --> Call to a member function getResult() on bool
#0 /Applications/MAMP/htdocs/tontine/system/BaseModel.php(584): CodeIgniter\Model->doFindAll(0, 0)
#1 /Applications/MAMP/htdocs/tontine/app/Models/TontineModel.php(28): CodeIgniter\BaseModel->findAll()
#2 /Applications/MAMP/htdocs/tontine/app/Controllers/Adherent.php(172): App\Models\TontineModel->listeTontines('7')
#3 /Applications/MAMP/htdocs/tontine/system/CodeIgniter.php(825): App\Controllers\Adherent->adhesion()
#4 /Applications/MAMP/htdocs/tontine/system/CodeIgniter.php(412): CodeIgniter\CodeIgniter->runController(Object(App\Controllers\Adherent))
#5 /Applications/MAMP/htdocs/tontine/system/CodeIgniter.php(320): CodeIgniter\CodeIgniter->handleRequest(NULL, Object(Config\Cache), false)
#6 /Applications/MAMP/htdocs/tontine/public/index.php(37): CodeIgniter\CodeIgniter->run()
#7 {main}
ERROR - 2022-04-10 18:20:35 --> Operand should contain 1 column(s)
CRITICAL - 2022-04-10 18:20:35 --> Call to a member function getResult() on bool
#0 /Applications/MAMP/htdocs/tontine/system/BaseModel.php(584): CodeIgniter\Model->doFindAll(0, 0)
#1 /Applications/MAMP/htdocs/tontine/app/Models/TontineModel.php(28): CodeIgniter\BaseModel->findAll()
#2 /Applications/MAMP/htdocs/tontine/app/Controllers/Adherent.php(172): App\Models\TontineModel->listeTontines('7')
#3 /Applications/MAMP/htdocs/tontine/system/CodeIgniter.php(825): App\Controllers\Adherent->adhesion()
#4 /Applications/MAMP/htdocs/tontine/system/CodeIgniter.php(412): CodeIgniter\CodeIgniter->runController(Object(App\Controllers\Adherent))
#5 /Applications/MAMP/htdocs/tontine/system/CodeIgniter.php(320): CodeIgniter\CodeIgniter->handleRequest(NULL, Object(Config\Cache), false)
#6 /Applications/MAMP/htdocs/tontine/public/index.php(37): CodeIgniter\CodeIgniter->run()
#7 {main}
ERROR - 2022-04-10 18:20:46 --> Operand should contain 1 column(s)
CRITICAL - 2022-04-10 18:20:46 --> Call to a member function getResult() on bool
#0 /Applications/MAMP/htdocs/tontine/system/BaseModel.php(584): CodeIgniter\Model->doFindAll(0, 0)
#1 /Applications/MAMP/htdocs/tontine/app/Models/TontineModel.php(28): CodeIgniter\BaseModel->findAll()
#2 /Applications/MAMP/htdocs/tontine/app/Controllers/Adherent.php(172): App\Models\TontineModel->listeTontines('7')
#3 /Applications/MAMP/htdocs/tontine/system/CodeIgniter.php(825): App\Controllers\Adherent->adhesion()
#4 /Applications/MAMP/htdocs/tontine/system/CodeIgniter.php(412): CodeIgniter\CodeIgniter->runController(Object(App\Controllers\Adherent))
#5 /Applications/MAMP/htdocs/tontine/system/CodeIgniter.php(320): CodeIgniter\CodeIgniter->handleRequest(NULL, Object(Config\Cache), false)
#6 /Applications/MAMP/htdocs/tontine/public/index.php(37): CodeIgniter\CodeIgniter->run()
#7 {main}
CRITICAL - 2022-04-10 18:40:56 --> Call to undefined method CodeIgniter\Session\Session::unset()
#0 /Applications/MAMP/htdocs/tontine/system/View/View.php(210): include()
#1 /Applications/MAMP/htdocs/tontine/system/View/View.php(213): CodeIgniter\View\View->CodeIgniter\View\{closure}()
#2 /Applications/MAMP/htdocs/tontine/system/Common.php(1089): CodeIgniter\View\View->render('adherent/index', Array, true)
#3 /Applications/MAMP/htdocs/tontine/app/Controllers/Adherent.php(33): view('adherent/index')
#4 /Applications/MAMP/htdocs/tontine/system/CodeIgniter.php(825): App\Controllers\Adherent->index()
#5 /Applications/MAMP/htdocs/tontine/system/CodeIgniter.php(412): CodeIgniter\CodeIgniter->runController(Object(App\Controllers\Adherent))
#6 /Applications/MAMP/htdocs/tontine/system/CodeIgniter.php(320): CodeIgniter\CodeIgniter->handleRequest(NULL, Object(Config\Cache), false)
#7 /Applications/MAMP/htdocs/tontine/public/index.php(37): CodeIgniter\CodeIgniter->run()
#8 {main}
CRITICAL - 2022-04-10 18:41:15 --> Call to undefined method CodeIgniter\Session\Session::unset()
#0 /Applications/MAMP/htdocs/tontine/system/View/View.php(210): include()
#1 /Applications/MAMP/htdocs/tontine/system/View/View.php(213): CodeIgniter\View\View->CodeIgniter\View\{closure}()
#2 /Applications/MAMP/htdocs/tontine/system/Common.php(1089): CodeIgniter\View\View->render('adherent/index', Array, true)
#3 /Applications/MAMP/htdocs/tontine/app/Controllers/Adherent.php(33): view('adherent/index')
#4 /Applications/MAMP/htdocs/tontine/system/CodeIgniter.php(825): App\Controllers\Adherent->index()
#5 /Applications/MAMP/htdocs/tontine/system/CodeIgniter.php(412): CodeIgniter\CodeIgniter->runController(Object(App\Controllers\Adherent))
#6 /Applications/MAMP/htdocs/tontine/system/CodeIgniter.php(320): CodeIgniter\CodeIgniter->handleRequest(NULL, Object(Config\Cache), false)
#7 /Applications/MAMP/htdocs/tontine/public/index.php(37): CodeIgniter\CodeIgniter->run()
#8 {main}
