CRITICAL - 2022-04-01 10:04:28 --> Trying to access array offset on value of type null
#0 C:\wamp64\www\tontine\app\Views\adherent\tontine.php(2): CodeIgniter\Debug\Exceptions->errorHandler(8, 'Trying to acces...', 'C:\\wamp64\\www\\t...', 2, Array)
#1 C:\wamp64\www\tontine\system\View\View.php(210): include('C:\\wamp64\\www\\t...')
#2 C:\wamp64\www\tontine\system\View\View.php(213): CodeIgniter\View\View->CodeIgniter\View\{closure}()
#3 C:\wamp64\www\tontine\system\Common.php(1089): CodeIgniter\View\View->render('adherent/tontin...', Array, true)
#4 C:\wamp64\www\tontine\app\Controllers\Adherent.php(156): view('adherent/tontin...')
#5 C:\wamp64\www\tontine\system\CodeIgniter.php(825): App\Controllers\Adherent->tontine('starter-templat...')
#6 C:\wamp64\www\tontine\system\CodeIgniter.php(412): CodeIgniter\CodeIgniter->runController(Object(App\Controllers\Adherent))
#7 C:\wamp64\www\tontine\system\CodeIgniter.php(320): CodeIgniter\CodeIgniter->handleRequest(NULL, Object(Config\Cache), false)
#8 C:\wamp64\www\tontine\public\index.php(37): CodeIgniter\CodeIgniter->run()
#9 {main}
CRITICAL - 2022-04-01 10:05:52 --> Undefined offset: 0
#0 C:\wamp64\www\tontine\app\Views\adherent\tontine.php(57): CodeIgniter\Debug\Exceptions->errorHandler(8, 'Undefined offse...', 'C:\\wamp64\\www\\t...', 57, Array)
#1 C:\wamp64\www\tontine\system\View\View.php(210): include('C:\\wamp64\\www\\t...')
#2 C:\wamp64\www\tontine\system\View\View.php(213): CodeIgniter\View\View->CodeIgniter\View\{closure}()
#3 C:\wamp64\www\tontine\system\Common.php(1089): CodeIgniter\View\View->render('adherent/tontin...', Array, true)
#4 C:\wamp64\www\tontine\app\Controllers\Adherent.php(156): view('adherent/tontin...')
#5 C:\wamp64\www\tontine\system\CodeIgniter.php(825): App\Controllers\Adherent->tontine('12')
#6 C:\wamp64\www\tontine\system\CodeIgniter.php(412): CodeIgniter\CodeIgniter->runController(Object(App\Controllers\Adherent))
#7 C:\wamp64\www\tontine\system\CodeIgniter.php(320): CodeIgniter\CodeIgniter->handleRequest(NULL, Object(Config\Cache), false)
#8 C:\wamp64\www\tontine\public\index.php(37): CodeIgniter\CodeIgniter->run()
#9 {main}
CRITICAL - 2022-04-01 10:05:52 --> Trying to access array offset on value of type null
#0 C:\wamp64\www\tontine\app\Views\adherent\tontine.php(2): CodeIgniter\Debug\Exceptions->errorHandler(8, 'Trying to acces...', 'C:\\wamp64\\www\\t...', 2, Array)
#1 C:\wamp64\www\tontine\system\View\View.php(210): include('C:\\wamp64\\www\\t...')
#2 C:\wamp64\www\tontine\system\View\View.php(213): CodeIgniter\View\View->CodeIgniter\View\{closure}()
#3 C:\wamp64\www\tontine\system\Common.php(1089): CodeIgniter\View\View->render('adherent/tontin...', Array, true)
#4 C:\wamp64\www\tontine\app\Controllers\Adherent.php(156): view('adherent/tontin...')
#5 C:\wamp64\www\tontine\system\CodeIgniter.php(825): App\Controllers\Adherent->tontine('starter-templat...')
#6 C:\wamp64\www\tontine\system\CodeIgniter.php(412): CodeIgniter\CodeIgniter->runController(Object(App\Controllers\Adherent))
#7 C:\wamp64\www\tontine\system\CodeIgniter.php(320): CodeIgniter\CodeIgniter->handleRequest(NULL, Object(Config\Cache), false)
#8 C:\wamp64\www\tontine\public\index.php(37): CodeIgniter\CodeIgniter->run()
#9 {main}
CRITICAL - 2022-04-01 10:08:44 --> Trying to access array offset on value of type null
#0 C:\wamp64\www\tontine\app\Views\adherent\tontine.php(2): CodeIgniter\Debug\Exceptions->errorHandler(8, 'Trying to acces...', 'C:\\wamp64\\www\\t...', 2, Array)
#1 C:\wamp64\www\tontine\system\View\View.php(210): include('C:\\wamp64\\www\\t...')
#2 C:\wamp64\www\tontine\system\View\View.php(213): CodeIgniter\View\View->CodeIgniter\View\{closure}()
#3 C:\wamp64\www\tontine\system\Common.php(1089): CodeIgniter\View\View->render('adherent/tontin...', Array, true)
#4 C:\wamp64\www\tontine\app\Controllers\Adherent.php(156): view('adherent/tontin...')
#5 C:\wamp64\www\tontine\system\CodeIgniter.php(825): App\Controllers\Adherent->tontine('starter-templat...')
#6 C:\wamp64\www\tontine\system\CodeIgniter.php(412): CodeIgniter\CodeIgniter->runController(Object(App\Controllers\Adherent))
#7 C:\wamp64\www\tontine\system\CodeIgniter.php(320): CodeIgniter\CodeIgniter->handleRequest(NULL, Object(Config\Cache), false)
#8 C:\wamp64\www\tontine\public\index.php(37): CodeIgniter\CodeIgniter->run()
#9 {main}
CRITICAL - 2022-04-01 10:09:56 --> Trying to access array offset on value of type null
#0 C:\wamp64\www\tontine\app\Views\adherent\tontine.php(2): CodeIgniter\Debug\Exceptions->errorHandler(8, 'Trying to acces...', 'C:\\wamp64\\www\\t...', 2, Array)
#1 C:\wamp64\www\tontine\system\View\View.php(210): include('C:\\wamp64\\www\\t...')
#2 C:\wamp64\www\tontine\system\View\View.php(213): CodeIgniter\View\View->CodeIgniter\View\{closure}()
#3 C:\wamp64\www\tontine\system\Common.php(1089): CodeIgniter\View\View->render('adherent/tontin...', Array, true)
#4 C:\wamp64\www\tontine\app\Controllers\Adherent.php(156): view('adherent/tontin...')
#5 C:\wamp64\www\tontine\system\CodeIgniter.php(825): App\Controllers\Adherent->tontine('starter-templat...')
#6 C:\wamp64\www\tontine\system\CodeIgniter.php(412): CodeIgniter\CodeIgniter->runController(Object(App\Controllers\Adherent))
#7 C:\wamp64\www\tontine\system\CodeIgniter.php(320): CodeIgniter\CodeIgniter->handleRequest(NULL, Object(Config\Cache), false)
#8 C:\wamp64\www\tontine\public\index.php(37): CodeIgniter\CodeIgniter->run()
#9 {main}
CRITICAL - 2022-04-01 10:11:37 --> Trying to access array offset on value of type null
#0 C:\wamp64\www\tontine\app\Views\adherent\tontine.php(2): CodeIgniter\Debug\Exceptions->errorHandler(8, 'Trying to acces...', 'C:\\wamp64\\www\\t...', 2, Array)
#1 C:\wamp64\www\tontine\system\View\View.php(210): include('C:\\wamp64\\www\\t...')
#2 C:\wamp64\www\tontine\system\View\View.php(213): CodeIgniter\View\View->CodeIgniter\View\{closure}()
#3 C:\wamp64\www\tontine\system\Common.php(1089): CodeIgniter\View\View->render('adherent/tontin...', Array, true)
#4 C:\wamp64\www\tontine\app\Controllers\Adherent.php(156): view('adherent/tontin...')
#5 C:\wamp64\www\tontine\system\CodeIgniter.php(825): App\Controllers\Adherent->tontine('starter-templat...')
#6 C:\wamp64\www\tontine\system\CodeIgniter.php(412): CodeIgniter\CodeIgniter->runController(Object(App\Controllers\Adherent))
#7 C:\wamp64\www\tontine\system\CodeIgniter.php(320): CodeIgniter\CodeIgniter->handleRequest(NULL, Object(Config\Cache), false)
#8 C:\wamp64\www\tontine\public\index.php(37): CodeIgniter\CodeIgniter->run()
#9 {main}
CRITICAL - 2022-04-01 10:11:50 --> Trying to access array offset on value of type null
#0 C:\wamp64\www\tontine\app\Views\adherent\tontine.php(2): CodeIgniter\Debug\Exceptions->errorHandler(8, 'Trying to acces...', 'C:\\wamp64\\www\\t...', 2, Array)
#1 C:\wamp64\www\tontine\system\View\View.php(210): include('C:\\wamp64\\www\\t...')
#2 C:\wamp64\www\tontine\system\View\View.php(213): CodeIgniter\View\View->CodeIgniter\View\{closure}()
#3 C:\wamp64\www\tontine\system\Common.php(1089): CodeIgniter\View\View->render('adherent/tontin...', Array, true)
#4 C:\wamp64\www\tontine\app\Controllers\Adherent.php(156): view('adherent/tontin...')
#5 C:\wamp64\www\tontine\system\CodeIgniter.php(825): App\Controllers\Adherent->tontine('starter-templat...')
#6 C:\wamp64\www\tontine\system\CodeIgniter.php(412): CodeIgniter\CodeIgniter->runController(Object(App\Controllers\Adherent))
#7 C:\wamp64\www\tontine\system\CodeIgniter.php(320): CodeIgniter\CodeIgniter->handleRequest(NULL, Object(Config\Cache), false)
#8 C:\wamp64\www\tontine\public\index.php(37): CodeIgniter\CodeIgniter->run()
#9 {main}
CRITICAL - 2022-04-01 10:12:29 --> Trying to access array offset on value of type null
#0 C:\wamp64\www\tontine\app\Views\adherent\tontine.php(2): CodeIgniter\Debug\Exceptions->errorHandler(8, 'Trying to acces...', 'C:\\wamp64\\www\\t...', 2, Array)
#1 C:\wamp64\www\tontine\system\View\View.php(210): include('C:\\wamp64\\www\\t...')
#2 C:\wamp64\www\tontine\system\View\View.php(213): CodeIgniter\View\View->CodeIgniter\View\{closure}()
#3 C:\wamp64\www\tontine\system\Common.php(1089): CodeIgniter\View\View->render('adherent/tontin...', Array, true)
#4 C:\wamp64\www\tontine\app\Controllers\Adherent.php(156): view('adherent/tontin...')
#5 C:\wamp64\www\tontine\system\CodeIgniter.php(825): App\Controllers\Adherent->tontine('starter-templat...')
#6 C:\wamp64\www\tontine\system\CodeIgniter.php(412): CodeIgniter\CodeIgniter->runController(Object(App\Controllers\Adherent))
#7 C:\wamp64\www\tontine\system\CodeIgniter.php(320): CodeIgniter\CodeIgniter->handleRequest(NULL, Object(Config\Cache), false)
#8 C:\wamp64\www\tontine\public\index.php(37): CodeIgniter\CodeIgniter->run()
#9 {main}
CRITICAL - 2022-04-01 10:12:31 --> Trying to access array offset on value of type null
#0 C:\wamp64\www\tontine\app\Views\adherent\tontine.php(2): CodeIgniter\Debug\Exceptions->errorHandler(8, 'Trying to acces...', 'C:\\wamp64\\www\\t...', 2, Array)
#1 C:\wamp64\www\tontine\system\View\View.php(210): include('C:\\wamp64\\www\\t...')
#2 C:\wamp64\www\tontine\system\View\View.php(213): CodeIgniter\View\View->CodeIgniter\View\{closure}()
#3 C:\wamp64\www\tontine\system\Common.php(1089): CodeIgniter\View\View->render('adherent/tontin...', Array, true)
#4 C:\wamp64\www\tontine\app\Controllers\Adherent.php(156): view('adherent/tontin...')
#5 C:\wamp64\www\tontine\system\CodeIgniter.php(825): App\Controllers\Adherent->tontine('starter-templat...')
#6 C:\wamp64\www\tontine\system\CodeIgniter.php(412): CodeIgniter\CodeIgniter->runController(Object(App\Controllers\Adherent))
#7 C:\wamp64\www\tontine\system\CodeIgniter.php(320): CodeIgniter\CodeIgniter->handleRequest(NULL, Object(Config\Cache), false)
#8 C:\wamp64\www\tontine\public\index.php(37): CodeIgniter\CodeIgniter->run()
#9 {main}
CRITICAL - 2022-04-01 10:30:32 --> Call to undefined method App\Models\TontineModel::listeMesTontines
#0 C:\wamp64\www\tontine\app\Controllers\Adherent.php(24): CodeIgniter\Model->__call('listeMesTontine...', Array)
#1 C:\wamp64\www\tontine\system\CodeIgniter.php(825): App\Controllers\Adherent->index()
#2 C:\wamp64\www\tontine\system\CodeIgniter.php(412): CodeIgniter\CodeIgniter->runController(Object(App\Controllers\Adherent))
#3 C:\wamp64\www\tontine\system\CodeIgniter.php(320): CodeIgniter\CodeIgniter->handleRequest(NULL, Object(Config\Cache), false)
#4 C:\wamp64\www\tontine\public\index.php(37): CodeIgniter\CodeIgniter->run()
#5 {main}
CRITICAL - 2022-04-01 10:41:43 --> Undefined index: nomTontine
#0 C:\wamp64\www\tontine\app\Views\adherent\index.php(65): CodeIgniter\Debug\Exceptions->errorHandler(8, 'Undefined index...', 'C:\\wamp64\\www\\t...', 65, Array)
#1 C:\wamp64\www\tontine\system\View\View.php(210): include('C:\\wamp64\\www\\t...')
#2 C:\wamp64\www\tontine\system\View\View.php(213): CodeIgniter\View\View->CodeIgniter\View\{closure}()
#3 C:\wamp64\www\tontine\system\Common.php(1089): CodeIgniter\View\View->render('adherent/index', Array, true)
#4 C:\wamp64\www\tontine\app\Controllers\Adherent.php(28): view('adherent/index')
#5 C:\wamp64\www\tontine\system\CodeIgniter.php(825): App\Controllers\Adherent->index()
#6 C:\wamp64\www\tontine\system\CodeIgniter.php(412): CodeIgniter\CodeIgniter->runController(Object(App\Controllers\Adherent))
#7 C:\wamp64\www\tontine\system\CodeIgniter.php(320): CodeIgniter\CodeIgniter->handleRequest(NULL, Object(Config\Cache), false)
#8 C:\wamp64\www\tontine\public\index.php(37): CodeIgniter\CodeIgniter->run()
#9 {main}
CRITICAL - 2022-04-01 10:43:10 --> Undefined index: nomTontine
#0 C:\wamp64\www\tontine\app\Views\adherent\index.php(66): CodeIgniter\Debug\Exceptions->errorHandler(8, 'Undefined index...', 'C:\\wamp64\\www\\t...', 66, Array)
#1 C:\wamp64\www\tontine\system\View\View.php(210): include('C:\\wamp64\\www\\t...')
#2 C:\wamp64\www\tontine\system\View\View.php(213): CodeIgniter\View\View->CodeIgniter\View\{closure}()
#3 C:\wamp64\www\tontine\system\Common.php(1089): CodeIgniter\View\View->render('adherent/index', Array, true)
#4 C:\wamp64\www\tontine\app\Controllers\Adherent.php(28): view('adherent/index')
#5 C:\wamp64\www\tontine\system\CodeIgniter.php(825): App\Controllers\Adherent->index()
#6 C:\wamp64\www\tontine\system\CodeIgniter.php(412): CodeIgniter\CodeIgniter->runController(Object(App\Controllers\Adherent))
#7 C:\wamp64\www\tontine\system\CodeIgniter.php(320): CodeIgniter\CodeIgniter->handleRequest(NULL, Object(Config\Cache), false)
#8 C:\wamp64\www\tontine\public\index.php(37): CodeIgniter\CodeIgniter->run()
#9 {main}
CRITICAL - 2022-04-01 10:43:40 --> Undefined index: nomTontine
#0 C:\wamp64\www\tontine\app\Views\adherent\index.php(65): CodeIgniter\Debug\Exceptions->errorHandler(8, 'Undefined index...', 'C:\\wamp64\\www\\t...', 65, Array)
#1 C:\wamp64\www\tontine\system\View\View.php(210): include('C:\\wamp64\\www\\t...')
#2 C:\wamp64\www\tontine\system\View\View.php(213): CodeIgniter\View\View->CodeIgniter\View\{closure}()
#3 C:\wamp64\www\tontine\system\Common.php(1089): CodeIgniter\View\View->render('adherent/index', Array, true)
#4 C:\wamp64\www\tontine\app\Controllers\Adherent.php(29): view('adherent/index')
#5 C:\wamp64\www\tontine\system\CodeIgniter.php(825): App\Controllers\Adherent->index()
#6 C:\wamp64\www\tontine\system\CodeIgniter.php(412): CodeIgniter\CodeIgniter->runController(Object(App\Controllers\Adherent))
#7 C:\wamp64\www\tontine\system\CodeIgniter.php(320): CodeIgniter\CodeIgniter->handleRequest(NULL, Object(Config\Cache), false)
#8 C:\wamp64\www\tontine\public\index.php(37): CodeIgniter\CodeIgniter->run()
#9 {main}
CRITICAL - 2022-04-01 10:44:23 --> Undefined index: nomTontine
#0 C:\wamp64\www\tontine\app\Views\adherent\index.php(65): CodeIgniter\Debug\Exceptions->errorHandler(8, 'Undefined index...', 'C:\\wamp64\\www\\t...', 65, Array)
#1 C:\wamp64\www\tontine\system\View\View.php(210): include('C:\\wamp64\\www\\t...')
#2 C:\wamp64\www\tontine\system\View\View.php(213): CodeIgniter\View\View->CodeIgniter\View\{closure}()
#3 C:\wamp64\www\tontine\system\Common.php(1089): CodeIgniter\View\View->render('adherent/index', Array, true)
#4 C:\wamp64\www\tontine\app\Controllers\Adherent.php(29): view('adherent/index')
#5 C:\wamp64\www\tontine\system\CodeIgniter.php(825): App\Controllers\Adherent->index()
#6 C:\wamp64\www\tontine\system\CodeIgniter.php(412): CodeIgniter\CodeIgniter->runController(Object(App\Controllers\Adherent))
#7 C:\wamp64\www\tontine\system\CodeIgniter.php(320): CodeIgniter\CodeIgniter->handleRequest(NULL, Object(Config\Cache), false)
#8 C:\wamp64\www\tontine\public\index.php(37): CodeIgniter\CodeIgniter->run()
#9 {main}
CRITICAL - 2022-04-01 10:48:13 --> Call to a member function where() on array
#0 C:\wamp64\www\tontine\app\Controllers\Adherent.php(24): App\Models\TontineModel->mesTontines('2')
#1 C:\wamp64\www\tontine\system\CodeIgniter.php(825): App\Controllers\Adherent->index()
#2 C:\wamp64\www\tontine\system\CodeIgniter.php(412): CodeIgniter\CodeIgniter->runController(Object(App\Controllers\Adherent))
#3 C:\wamp64\www\tontine\system\CodeIgniter.php(320): CodeIgniter\CodeIgniter->handleRequest(NULL, Object(Config\Cache), false)
#4 C:\wamp64\www\tontine\public\index.php(37): CodeIgniter\CodeIgniter->run()
#5 {main}
ERROR - 2022-04-01 10:51:02 --> Operand should contain 1 column(s)
CRITICAL - 2022-04-01 10:51:02 --> Operand should contain 1 column(s)
#0 C:\wamp64\www\tontine\system\Database\MySQLi\Connection.php(292): mysqli->query('SELECT *\nFROM `...', 0)
#1 C:\wamp64\www\tontine\system\Database\BaseConnection.php(670): CodeIgniter\Database\MySQLi\Connection->execute('SELECT *\nFROM `...')
#2 C:\wamp64\www\tontine\system\Database\BaseConnection.php(598): CodeIgniter\Database\BaseConnection->simpleQuery('SELECT *\nFROM `...')
#3 C:\wamp64\www\tontine\system\Database\BaseBuilder.php(1455): CodeIgniter\Database\BaseConnection->query('SELECT *\nFROM `...', Array, false)
#4 C:\wamp64\www\tontine\system\Model.php(183): CodeIgniter\Database\BaseBuilder->get()
#5 C:\wamp64\www\tontine\system\BaseModel.php(584): CodeIgniter\Model->doFindAll(0, 0)
#6 C:\wamp64\www\tontine\app\Models\TontineModel.php(41): CodeIgniter\BaseModel->findAll()
#7 C:\wamp64\www\tontine\app\Controllers\Adherent.php(24): App\Models\TontineModel->mesTontines('2')
#8 C:\wamp64\www\tontine\system\CodeIgniter.php(825): App\Controllers\Adherent->index()
#9 C:\wamp64\www\tontine\system\CodeIgniter.php(412): CodeIgniter\CodeIgniter->runController(Object(App\Controllers\Adherent))
#10 C:\wamp64\www\tontine\system\CodeIgniter.php(320): CodeIgniter\CodeIgniter->handleRequest(NULL, Object(Config\Cache), false)
#11 C:\wamp64\www\tontine\public\index.php(37): CodeIgniter\CodeIgniter->run()
#12 {main}
ERROR - 2022-04-01 10:52:30 --> Operand should contain 1 column(s)
CRITICAL - 2022-04-01 10:52:30 --> Operand should contain 1 column(s)
#0 C:\wamp64\www\tontine\system\Database\MySQLi\Connection.php(292): mysqli->query('SELECT *\nFROM `...', 0)
#1 C:\wamp64\www\tontine\system\Database\BaseConnection.php(670): CodeIgniter\Database\MySQLi\Connection->execute('SELECT *\nFROM `...')
#2 C:\wamp64\www\tontine\system\Database\BaseConnection.php(598): CodeIgniter\Database\BaseConnection->simpleQuery('SELECT *\nFROM `...')
#3 C:\wamp64\www\tontine\system\Database\BaseBuilder.php(1455): CodeIgniter\Database\BaseConnection->query('SELECT *\nFROM `...', Array, false)
#4 C:\wamp64\www\tontine\system\Model.php(183): CodeIgniter\Database\BaseBuilder->get()
#5 C:\wamp64\www\tontine\system\BaseModel.php(584): CodeIgniter\Model->doFindAll(0, 0)
#6 C:\wamp64\www\tontine\app\Models\TontineModel.php(41): CodeIgniter\BaseModel->findAll()
#7 C:\wamp64\www\tontine\app\Controllers\Adherent.php(24): App\Models\TontineModel->mesTontines('2')
#8 C:\wamp64\www\tontine\system\CodeIgniter.php(825): App\Controllers\Adherent->index()
#9 C:\wamp64\www\tontine\system\CodeIgniter.php(412): CodeIgniter\CodeIgniter->runController(Object(App\Controllers\Adherent))
#10 C:\wamp64\www\tontine\system\CodeIgniter.php(320): CodeIgniter\CodeIgniter->handleRequest(NULL, Object(Config\Cache), false)
#11 C:\wamp64\www\tontine\public\index.php(37): CodeIgniter\CodeIgniter->run()
#12 {main}
ERROR - 2022-04-01 11:29:23 --> Operand should contain 1 column(s)
CRITICAL - 2022-04-01 11:29:23 --> Operand should contain 1 column(s)
#0 C:\wamp64\www\tontine\system\Database\MySQLi\Connection.php(292): mysqli->query('SELECT *\nFROM `...', 0)
#1 C:\wamp64\www\tontine\system\Database\BaseConnection.php(670): CodeIgniter\Database\MySQLi\Connection->execute('SELECT *\nFROM `...')
#2 C:\wamp64\www\tontine\system\Database\BaseConnection.php(598): CodeIgniter\Database\BaseConnection->simpleQuery('SELECT *\nFROM `...')
#3 C:\wamp64\www\tontine\system\Database\BaseBuilder.php(1455): CodeIgniter\Database\BaseConnection->query('SELECT *\nFROM `...', Array, false)
#4 C:\wamp64\www\tontine\system\Model.php(183): CodeIgniter\Database\BaseBuilder->get()
#5 C:\wamp64\www\tontine\system\BaseModel.php(584): CodeIgniter\Model->doFindAll(0, 0)
#6 C:\wamp64\www\tontine\app\Models\TontineModel.php(41): CodeIgniter\BaseModel->findAll()
#7 C:\wamp64\www\tontine\app\Controllers\Adherent.php(24): App\Models\TontineModel->mesTontines('2')
#8 C:\wamp64\www\tontine\system\CodeIgniter.php(825): App\Controllers\Adherent->index()
#9 C:\wamp64\www\tontine\system\CodeIgniter.php(412): CodeIgniter\CodeIgniter->runController(Object(App\Controllers\Adherent))
#10 C:\wamp64\www\tontine\system\CodeIgniter.php(320): CodeIgniter\CodeIgniter->handleRequest(NULL, Object(Config\Cache), false)
#11 C:\wamp64\www\tontine\public\index.php(37): CodeIgniter\CodeIgniter->run()
#12 {main}
ERROR - 2022-04-01 11:29:35 --> Operand should contain 1 column(s)
CRITICAL - 2022-04-01 11:29:35 --> Operand should contain 1 column(s)
#0 C:\wamp64\www\tontine\system\Database\MySQLi\Connection.php(292): mysqli->query('SELECT *\nFROM `...', 0)
#1 C:\wamp64\www\tontine\system\Database\BaseConnection.php(670): CodeIgniter\Database\MySQLi\Connection->execute('SELECT *\nFROM `...')
#2 C:\wamp64\www\tontine\system\Database\BaseConnection.php(598): CodeIgniter\Database\BaseConnection->simpleQuery('SELECT *\nFROM `...')
#3 C:\wamp64\www\tontine\system\Database\BaseBuilder.php(1455): CodeIgniter\Database\BaseConnection->query('SELECT *\nFROM `...', Array, false)
#4 C:\wamp64\www\tontine\system\Model.php(183): CodeIgniter\Database\BaseBuilder->get()
#5 C:\wamp64\www\tontine\system\BaseModel.php(584): CodeIgniter\Model->doFindAll(0, 0)
#6 C:\wamp64\www\tontine\app\Models\TontineModel.php(41): CodeIgniter\BaseModel->findAll()
#7 C:\wamp64\www\tontine\app\Controllers\Adherent.php(24): App\Models\TontineModel->mesTontines('2')
#8 C:\wamp64\www\tontine\system\CodeIgniter.php(825): App\Controllers\Adherent->index()
#9 C:\wamp64\www\tontine\system\CodeIgniter.php(412): CodeIgniter\CodeIgniter->runController(Object(App\Controllers\Adherent))
#10 C:\wamp64\www\tontine\system\CodeIgniter.php(320): CodeIgniter\CodeIgniter->handleRequest(NULL, Object(Config\Cache), false)
#11 C:\wamp64\www\tontine\public\index.php(37): CodeIgniter\CodeIgniter->run()
#12 {main}
CRITICAL - 2022-04-01 11:32:40 --> Trying to access array offset on value of type null
#0 C:\wamp64\www\tontine\app\Views\adherent\tontine.php(2): CodeIgniter\Debug\Exceptions->errorHandler(8, 'Trying to acces...', 'C:\\wamp64\\www\\t...', 2, Array)
#1 C:\wamp64\www\tontine\system\View\View.php(210): include('C:\\wamp64\\www\\t...')
#2 C:\wamp64\www\tontine\system\View\View.php(213): CodeIgniter\View\View->CodeIgniter\View\{closure}()
#3 C:\wamp64\www\tontine\system\Common.php(1089): CodeIgniter\View\View->render('adherent/tontin...', Array, true)
#4 C:\wamp64\www\tontine\app\Controllers\Adherent.php(159): view('adherent/tontin...')
#5 C:\wamp64\www\tontine\system\CodeIgniter.php(825): App\Controllers\Adherent->tontine('starter-templat...')
#6 C:\wamp64\www\tontine\system\CodeIgniter.php(412): CodeIgniter\CodeIgniter->runController(Object(App\Controllers\Adherent))
#7 C:\wamp64\www\tontine\system\CodeIgniter.php(320): CodeIgniter\CodeIgniter->handleRequest(NULL, Object(Config\Cache), false)
#8 C:\wamp64\www\tontine\public\index.php(37): CodeIgniter\CodeIgniter->run()
#9 {main}
CRITICAL - 2022-04-01 11:44:34 --> Undefined variable: participant
#0 C:\wamp64\www\tontine\app\Views\adherent\index.php(72): CodeIgniter\Debug\Exceptions->errorHandler(8, 'Undefined varia...', 'C:\\wamp64\\www\\t...', 72, Array)
#1 C:\wamp64\www\tontine\system\View\View.php(210): include('C:\\wamp64\\www\\t...')
#2 C:\wamp64\www\tontine\system\View\View.php(213): CodeIgniter\View\View->CodeIgniter\View\{closure}()
#3 C:\wamp64\www\tontine\system\Common.php(1089): CodeIgniter\View\View->render('adherent/index', Array, true)
#4 C:\wamp64\www\tontine\app\Controllers\Adherent.php(34): view('adherent/index')
#5 C:\wamp64\www\tontine\system\CodeIgniter.php(825): App\Controllers\Adherent->index()
#6 C:\wamp64\www\tontine\system\CodeIgniter.php(412): CodeIgniter\CodeIgniter->runController(Object(App\Controllers\Adherent))
#7 C:\wamp64\www\tontine\system\CodeIgniter.php(320): CodeIgniter\CodeIgniter->handleRequest(NULL, Object(Config\Cache), false)
#8 C:\wamp64\www\tontine\public\index.php(37): CodeIgniter\CodeIgniter->run()
#9 {main}
CRITICAL - 2022-04-01 11:45:51 --> Undefined index: nbCotis
#0 C:\wamp64\www\tontine\app\Models\AdherentModel.php(37): CodeIgniter\Debug\Exceptions->errorHandler(8, 'Undefined index...', 'C:\\wamp64\\www\\t...', 37, Array)
#1 C:\wamp64\www\tontine\app\Controllers\Adherent.php(28): App\Models\AdherentModel->cotisations()
#2 C:\wamp64\www\tontine\system\CodeIgniter.php(825): App\Controllers\Adherent->index()
#3 C:\wamp64\www\tontine\system\CodeIgniter.php(412): CodeIgniter\CodeIgniter->runController(Object(App\Controllers\Adherent))
#4 C:\wamp64\www\tontine\system\CodeIgniter.php(320): CodeIgniter\CodeIgniter->handleRequest(NULL, Object(Config\Cache), false)
#5 C:\wamp64\www\tontine\public\index.php(37): CodeIgniter\CodeIgniter->run()
#6 {main}
CRITICAL - 2022-04-01 11:46:37 --> Undefined variable: participant
#0 C:\wamp64\www\tontine\app\Views\adherent\index.php(72): CodeIgniter\Debug\Exceptions->errorHandler(8, 'Undefined varia...', 'C:\\wamp64\\www\\t...', 72, Array)
#1 C:\wamp64\www\tontine\system\View\View.php(210): include('C:\\wamp64\\www\\t...')
#2 C:\wamp64\www\tontine\system\View\View.php(213): CodeIgniter\View\View->CodeIgniter\View\{closure}()
#3 C:\wamp64\www\tontine\system\Common.php(1089): CodeIgniter\View\View->render('adherent/index', Array, true)
#4 C:\wamp64\www\tontine\app\Controllers\Adherent.php(34): view('adherent/index')
#5 C:\wamp64\www\tontine\system\CodeIgniter.php(825): App\Controllers\Adherent->index()
#6 C:\wamp64\www\tontine\system\CodeIgniter.php(412): CodeIgniter\CodeIgniter->runController(Object(App\Controllers\Adherent))
#7 C:\wamp64\www\tontine\system\CodeIgniter.php(320): CodeIgniter\CodeIgniter->handleRequest(NULL, Object(Config\Cache), false)
#8 C:\wamp64\www\tontine\public\index.php(37): CodeIgniter\CodeIgniter->run()
#9 {main}
CRITICAL - 2022-04-01 11:48:22 --> Undefined variable: participant
#0 C:\wamp64\www\tontine\app\Views\adherent\index.php(72): CodeIgniter\Debug\Exceptions->errorHandler(8, 'Undefined varia...', 'C:\\wamp64\\www\\t...', 72, Array)
#1 C:\wamp64\www\tontine\system\View\View.php(210): include('C:\\wamp64\\www\\t...')
#2 C:\wamp64\www\tontine\system\View\View.php(213): CodeIgniter\View\View->CodeIgniter\View\{closure}()
#3 C:\wamp64\www\tontine\system\Common.php(1089): CodeIgniter\View\View->render('adherent/index', Array, true)
#4 C:\wamp64\www\tontine\app\Controllers\Adherent.php(34): view('adherent/index')
#5 C:\wamp64\www\tontine\system\CodeIgniter.php(825): App\Controllers\Adherent->index()
#6 C:\wamp64\www\tontine\system\CodeIgniter.php(412): CodeIgniter\CodeIgniter->runController(Object(App\Controllers\Adherent))
#7 C:\wamp64\www\tontine\system\CodeIgniter.php(320): CodeIgniter\CodeIgniter->handleRequest(NULL, Object(Config\Cache), false)
#8 C:\wamp64\www\tontine\public\index.php(37): CodeIgniter\CodeIgniter->run()
#9 {main}
CRITICAL - 2022-04-01 11:51:51 --> Undefined variable: participant
#0 C:\wamp64\www\tontine\app\Views\adherent\index.php(72): CodeIgniter\Debug\Exceptions->errorHandler(8, 'Undefined varia...', 'C:\\wamp64\\www\\t...', 72, Array)
#1 C:\wamp64\www\tontine\system\View\View.php(210): include('C:\\wamp64\\www\\t...')
#2 C:\wamp64\www\tontine\system\View\View.php(213): CodeIgniter\View\View->CodeIgniter\View\{closure}()
#3 C:\wamp64\www\tontine\system\Common.php(1089): CodeIgniter\View\View->render('adherent/index', Array, true)
#4 C:\wamp64\www\tontine\app\Controllers\Adherent.php(34): view('adherent/index')
#5 C:\wamp64\www\tontine\system\CodeIgniter.php(825): App\Controllers\Adherent->index()
#6 C:\wamp64\www\tontine\system\CodeIgniter.php(412): CodeIgniter\CodeIgniter->runController(Object(App\Controllers\Adherent))
#7 C:\wamp64\www\tontine\system\CodeIgniter.php(320): CodeIgniter\CodeIgniter->handleRequest(NULL, Object(Config\Cache), false)
#8 C:\wamp64\www\tontine\public\index.php(37): CodeIgniter\CodeIgniter->run()
#9 {main}
CRITICAL - 2022-04-01 11:54:41 --> Undefined variable: participant
#0 C:\wamp64\www\tontine\app\Views\adherent\index.php(72): CodeIgniter\Debug\Exceptions->errorHandler(8, 'Undefined varia...', 'C:\\wamp64\\www\\t...', 72, Array)
#1 C:\wamp64\www\tontine\system\View\View.php(210): include('C:\\wamp64\\www\\t...')
#2 C:\wamp64\www\tontine\system\View\View.php(213): CodeIgniter\View\View->CodeIgniter\View\{closure}()
#3 C:\wamp64\www\tontine\system\Common.php(1089): CodeIgniter\View\View->render('adherent/index', Array, true)
#4 C:\wamp64\www\tontine\app\Controllers\Adherent.php(34): view('adherent/index')
#5 C:\wamp64\www\tontine\system\CodeIgniter.php(825): App\Controllers\Adherent->index()
#6 C:\wamp64\www\tontine\system\CodeIgniter.php(412): CodeIgniter\CodeIgniter->runController(Object(App\Controllers\Adherent))
#7 C:\wamp64\www\tontine\system\CodeIgniter.php(320): CodeIgniter\CodeIgniter->handleRequest(NULL, Object(Config\Cache), false)
#8 C:\wamp64\www\tontine\public\index.php(37): CodeIgniter\CodeIgniter->run()
#9 {main}
CRITICAL - 2022-04-01 11:55:53 --> Undefined variable: participant
#0 C:\wamp64\www\tontine\app\Views\adherent\index.php(72): CodeIgniter\Debug\Exceptions->errorHandler(8, 'Undefined varia...', 'C:\\wamp64\\www\\t...', 72, Array)
#1 C:\wamp64\www\tontine\system\View\View.php(210): include('C:\\wamp64\\www\\t...')
#2 C:\wamp64\www\tontine\system\View\View.php(213): CodeIgniter\View\View->CodeIgniter\View\{closure}()
#3 C:\wamp64\www\tontine\system\Common.php(1089): CodeIgniter\View\View->render('adherent/index', Array, true)
#4 C:\wamp64\www\tontine\app\Controllers\Adherent.php(34): view('adherent/index')
#5 C:\wamp64\www\tontine\system\CodeIgniter.php(825): App\Controllers\Adherent->index()
#6 C:\wamp64\www\tontine\system\CodeIgniter.php(412): CodeIgniter\CodeIgniter->runController(Object(App\Controllers\Adherent))
#7 C:\wamp64\www\tontine\system\CodeIgniter.php(320): CodeIgniter\CodeIgniter->handleRequest(NULL, Object(Config\Cache), false)
#8 C:\wamp64\www\tontine\public\index.php(37): CodeIgniter\CodeIgniter->run()
#9 {main}
CRITICAL - 2022-04-01 12:01:04 --> Undefined index: idTontine
#0 C:\wamp64\www\tontine\app\Views\adherent\index.php(72): CodeIgniter\Debug\Exceptions->errorHandler(8, 'Undefined index...', 'C:\\wamp64\\www\\t...', 72, Array)
#1 C:\wamp64\www\tontine\system\View\View.php(210): include('C:\\wamp64\\www\\t...')
#2 C:\wamp64\www\tontine\system\View\View.php(213): CodeIgniter\View\View->CodeIgniter\View\{closure}()
#3 C:\wamp64\www\tontine\system\Common.php(1089): CodeIgniter\View\View->render('adherent/index', Array, true)
#4 C:\wamp64\www\tontine\app\Controllers\Adherent.php(34): view('adherent/index')
#5 C:\wamp64\www\tontine\system\CodeIgniter.php(825): App\Controllers\Adherent->index()
#6 C:\wamp64\www\tontine\system\CodeIgniter.php(412): CodeIgniter\CodeIgniter->runController(Object(App\Controllers\Adherent))
#7 C:\wamp64\www\tontine\system\CodeIgniter.php(320): CodeIgniter\CodeIgniter->handleRequest(NULL, Object(Config\Cache), false)
#8 C:\wamp64\www\tontine\public\index.php(37): CodeIgniter\CodeIgniter->run()
#9 {main}
CRITICAL - 2022-04-01 12:06:25 --> Trying to access array offset on value of type null
#0 C:\wamp64\www\tontine\app\Views\adherent\tontine.php(2): CodeIgniter\Debug\Exceptions->errorHandler(8, 'Trying to acces...', 'C:\\wamp64\\www\\t...', 2, Array)
#1 C:\wamp64\www\tontine\system\View\View.php(210): include('C:\\wamp64\\www\\t...')
#2 C:\wamp64\www\tontine\system\View\View.php(213): CodeIgniter\View\View->CodeIgniter\View\{closure}()
#3 C:\wamp64\www\tontine\system\Common.php(1089): CodeIgniter\View\View->render('adherent/tontin...', Array, true)
#4 C:\wamp64\www\tontine\app\Controllers\Adherent.php(165): view('adherent/tontin...')
#5 C:\wamp64\www\tontine\system\CodeIgniter.php(825): App\Controllers\Adherent->tontine('starter-templat...')
#6 C:\wamp64\www\tontine\system\CodeIgniter.php(412): CodeIgniter\CodeIgniter->runController(Object(App\Controllers\Adherent))
#7 C:\wamp64\www\tontine\system\CodeIgniter.php(320): CodeIgniter\CodeIgniter->handleRequest(NULL, Object(Config\Cache), false)
#8 C:\wamp64\www\tontine\public\index.php(37): CodeIgniter\CodeIgniter->run()
#9 {main}
CRITICAL - 2022-04-01 12:06:28 --> Trying to access array offset on value of type null
#0 C:\wamp64\www\tontine\app\Views\adherent\tontine.php(2): CodeIgniter\Debug\Exceptions->errorHandler(8, 'Trying to acces...', 'C:\\wamp64\\www\\t...', 2, Array)
#1 C:\wamp64\www\tontine\system\View\View.php(210): include('C:\\wamp64\\www\\t...')
#2 C:\wamp64\www\tontine\system\View\View.php(213): CodeIgniter\View\View->CodeIgniter\View\{closure}()
#3 C:\wamp64\www\tontine\system\Common.php(1089): CodeIgniter\View\View->render('adherent/tontin...', Array, true)
#4 C:\wamp64\www\tontine\app\Controllers\Adherent.php(165): view('adherent/tontin...')
#5 C:\wamp64\www\tontine\system\CodeIgniter.php(825): App\Controllers\Adherent->tontine('starter-templat...')
#6 C:\wamp64\www\tontine\system\CodeIgniter.php(412): CodeIgniter\CodeIgniter->runController(Object(App\Controllers\Adherent))
#7 C:\wamp64\www\tontine\system\CodeIgniter.php(320): CodeIgniter\CodeIgniter->handleRequest(NULL, Object(Config\Cache), false)
#8 C:\wamp64\www\tontine\public\index.php(37): CodeIgniter\CodeIgniter->run()
#9 {main}
CRITICAL - 2022-04-01 12:24:50 --> Invalid file: administrateur.php
#0 C:\wamp64\www\tontine\system\View\View.php(198): CodeIgniter\Exceptions\FrameworkException::forInvalidFile('administrateur....')
#1 C:\wamp64\www\tontine\system\Common.php(1089): CodeIgniter\View\View->render('administrateur', Array, true)
#2 C:\wamp64\www\tontine\app\Controllers\Administrateur.php(12): view('administrateur')
#3 C:\wamp64\www\tontine\system\CodeIgniter.php(825): App\Controllers\Administrateur->index()
#4 C:\wamp64\www\tontine\system\CodeIgniter.php(412): CodeIgniter\CodeIgniter->runController(Object(App\Controllers\Administrateur))
#5 C:\wamp64\www\tontine\system\CodeIgniter.php(320): CodeIgniter\CodeIgniter->handleRequest(NULL, Object(Config\Cache), false)
#6 C:\wamp64\www\tontine\public\index.php(37): CodeIgniter\CodeIgniter->run()
#7 {main}
CRITICAL - 2022-04-01 12:46:59 --> Undefined index: size
#0 C:\wamp64\www\tontine\app\Views\administrateur\index.php(27): CodeIgniter\Debug\Exceptions->errorHandler(8, 'Undefined index...', 'C:\\wamp64\\www\\t...', 27, Array)
#1 C:\wamp64\www\tontine\system\View\View.php(210): include('C:\\wamp64\\www\\t...')
#2 C:\wamp64\www\tontine\system\View\View.php(213): CodeIgniter\View\View->CodeIgniter\View\{closure}()
#3 C:\wamp64\www\tontine\system\Common.php(1089): CodeIgniter\View\View->render('administrateur/...', Array, true)
#4 C:\wamp64\www\tontine\app\Controllers\Administrateur.php(18): view('administrateur/...')
#5 C:\wamp64\www\tontine\system\CodeIgniter.php(825): App\Controllers\Administrateur->index()
#6 C:\wamp64\www\tontine\system\CodeIgniter.php(412): CodeIgniter\CodeIgniter->runController(Object(App\Controllers\Administrateur))
#7 C:\wamp64\www\tontine\system\CodeIgniter.php(320): CodeIgniter\CodeIgniter->handleRequest(NULL, Object(Config\Cache), false)
#8 C:\wamp64\www\tontine\public\index.php(37): CodeIgniter\CodeIgniter->run()
#9 {main}
CRITICAL - 2022-04-01 12:48:06 --> Trying to get property 'size' of non-object
#0 C:\wamp64\www\tontine\app\Views\administrateur\index.php(27): CodeIgniter\Debug\Exceptions->errorHandler(8, 'Trying to get p...', 'C:\\wamp64\\www\\t...', 27, Array)
#1 C:\wamp64\www\tontine\system\View\View.php(210): include('C:\\wamp64\\www\\t...')
#2 C:\wamp64\www\tontine\system\View\View.php(213): CodeIgniter\View\View->CodeIgniter\View\{closure}()
#3 C:\wamp64\www\tontine\system\Common.php(1089): CodeIgniter\View\View->render('administrateur/...', Array, true)
#4 C:\wamp64\www\tontine\app\Controllers\Administrateur.php(18): view('administrateur/...')
#5 C:\wamp64\www\tontine\system\CodeIgniter.php(825): App\Controllers\Administrateur->index()
#6 C:\wamp64\www\tontine\system\CodeIgniter.php(412): CodeIgniter\CodeIgniter->runController(Object(App\Controllers\Administrateur))
#7 C:\wamp64\www\tontine\system\CodeIgniter.php(320): CodeIgniter\CodeIgniter->handleRequest(NULL, Object(Config\Cache), false)
#8 C:\wamp64\www\tontine\public\index.php(37): CodeIgniter\CodeIgniter->run()
#9 {main}
CRITICAL - 2022-04-01 12:50:19 --> Array to string conversion
#0 C:\wamp64\www\tontine\app\Views\administrateur\index.php(27): CodeIgniter\Debug\Exceptions->errorHandler(8, 'Array to string...', 'C:\\wamp64\\www\\t...', 27, Array)
#1 C:\wamp64\www\tontine\system\View\View.php(210): include('C:\\wamp64\\www\\t...')
#2 C:\wamp64\www\tontine\system\View\View.php(213): CodeIgniter\View\View->CodeIgniter\View\{closure}()
#3 C:\wamp64\www\tontine\system\Common.php(1089): CodeIgniter\View\View->render('administrateur/...', Array, true)
#4 C:\wamp64\www\tontine\app\Controllers\Administrateur.php(18): view('administrateur/...')
#5 C:\wamp64\www\tontine\system\CodeIgniter.php(825): App\Controllers\Administrateur->index()
#6 C:\wamp64\www\tontine\system\CodeIgniter.php(412): CodeIgniter\CodeIgniter->runController(Object(App\Controllers\Administrateur))
#7 C:\wamp64\www\tontine\system\CodeIgniter.php(320): CodeIgniter\CodeIgniter->handleRequest(NULL, Object(Config\Cache), false)
#8 C:\wamp64\www\tontine\public\index.php(37): CodeIgniter\CodeIgniter->run()
#9 {main}
CRITICAL - 2022-04-01 12:57:05 --> Call to a member function length() on array
#0 C:\wamp64\www\tontine\system\View\View.php(210): include()
#1 C:\wamp64\www\tontine\system\View\View.php(213): CodeIgniter\View\View->CodeIgniter\View\{closure}()
#2 C:\wamp64\www\tontine\system\Common.php(1089): CodeIgniter\View\View->render('administrateur/...', Array, true)
#3 C:\wamp64\www\tontine\app\Controllers\Administrateur.php(17): view('administrateur/...')
#4 C:\wamp64\www\tontine\system\CodeIgniter.php(825): App\Controllers\Administrateur->index()
#5 C:\wamp64\www\tontine\system\CodeIgniter.php(412): CodeIgniter\CodeIgniter->runController(Object(App\Controllers\Administrateur))
#6 C:\wamp64\www\tontine\system\CodeIgniter.php(320): CodeIgniter\CodeIgniter->handleRequest(NULL, Object(Config\Cache), false)
#7 C:\wamp64\www\tontine\public\index.php(37): CodeIgniter\CodeIgniter->run()
#8 {main}
CRITICAL - 2022-04-01 13:02:52 --> Call to a member function size() on array
#0 C:\wamp64\www\tontine\system\View\View.php(210): include()
#1 C:\wamp64\www\tontine\system\View\View.php(213): CodeIgniter\View\View->CodeIgniter\View\{closure}()
#2 C:\wamp64\www\tontine\system\Common.php(1089): CodeIgniter\View\View->render('administrateur/...', Array, true)
#3 C:\wamp64\www\tontine\app\Controllers\Administrateur.php(17): view('administrateur/...')
#4 C:\wamp64\www\tontine\system\CodeIgniter.php(825): App\Controllers\Administrateur->index()
#5 C:\wamp64\www\tontine\system\CodeIgniter.php(412): CodeIgniter\CodeIgniter->runController(Object(App\Controllers\Administrateur))
#6 C:\wamp64\www\tontine\system\CodeIgniter.php(320): CodeIgniter\CodeIgniter->handleRequest(NULL, Object(Config\Cache), false)
#7 C:\wamp64\www\tontine\public\index.php(37): CodeIgniter\CodeIgniter->run()
#8 {main}
CRITICAL - 2022-04-01 13:24:32 --> Undefined variable: i
#0 C:\wamp64\www\tontine\app\Views\administrateur\index.php(16): CodeIgniter\Debug\Exceptions->errorHandler(8, 'Undefined varia...', 'C:\\wamp64\\www\\t...', 16, Array)
#1 C:\wamp64\www\tontine\system\View\View.php(210): include('C:\\wamp64\\www\\t...')
#2 C:\wamp64\www\tontine\system\View\View.php(213): CodeIgniter\View\View->CodeIgniter\View\{closure}()
#3 C:\wamp64\www\tontine\system\Common.php(1089): CodeIgniter\View\View->render('administrateur/...', Array, true)
#4 C:\wamp64\www\tontine\app\Controllers\Administrateur.php(17): view('administrateur/...')
#5 C:\wamp64\www\tontine\system\CodeIgniter.php(825): App\Controllers\Administrateur->index()
#6 C:\wamp64\www\tontine\system\CodeIgniter.php(412): CodeIgniter\CodeIgniter->runController(Object(App\Controllers\Administrateur))
#7 C:\wamp64\www\tontine\system\CodeIgniter.php(320): CodeIgniter\CodeIgniter->handleRequest(NULL, Object(Config\Cache), false)
#8 C:\wamp64\www\tontine\public\index.php(37): CodeIgniter\CodeIgniter->run()
#9 {main}
CRITICAL - 2022-04-01 13:27:39 --> Undefined variable: i
#0 C:\wamp64\www\tontine\app\Views\administrateur\index.php(16): CodeIgniter\Debug\Exceptions->errorHandler(8, 'Undefined varia...', 'C:\\wamp64\\www\\t...', 16, Array)
#1 C:\wamp64\www\tontine\system\View\View.php(210): include('C:\\wamp64\\www\\t...')
#2 C:\wamp64\www\tontine\system\View\View.php(213): CodeIgniter\View\View->CodeIgniter\View\{closure}()
#3 C:\wamp64\www\tontine\system\Common.php(1089): CodeIgniter\View\View->render('administrateur/...', Array, true)
#4 C:\wamp64\www\tontine\app\Controllers\Administrateur.php(20): view('administrateur/...')
#5 C:\wamp64\www\tontine\system\CodeIgniter.php(825): App\Controllers\Administrateur->index()
#6 C:\wamp64\www\tontine\system\CodeIgniter.php(412): CodeIgniter\CodeIgniter->runController(Object(App\Controllers\Administrateur))
#7 C:\wamp64\www\tontine\system\CodeIgniter.php(320): CodeIgniter\CodeIgniter->handleRequest(NULL, Object(Config\Cache), false)
#8 C:\wamp64\www\tontine\public\index.php(37): CodeIgniter\CodeIgniter->run()
#9 {main}
